<?xml version="1.0" encoding="utf-8"?>
<!DOCTYPE coverage SYSTEM "http://cobertura.sourceforge.net/xml/coverage-04.dtd">
<coverage line-rate="0.230769230769231" branch-rate="0.2" lines-covered="21" lines-valid="91" branches-covered="4" branches-valid="20" complexity="30" version="0" timestamp="1675520717">
  <sources>
    <source>C:\Users\Elitsa\</source>
  </sources>
  <packages>
    <package name="Collection" line-rate="0.188235294117647" branch-rate="0.2" complexity="28">
      <classes>
        <class name="Collection.Program" filename="C:\Users\Elitsa\source\repos\QA_Automation_Back-End\NUnit-Collection-Sample\Collection\Program.cs" line-rate="0" branch-rate="1" complexity="1">
          <methods>
            <method name="Main" signature="(...)" line-rate="0" branch-rate="1" complexity="1">
              <lines>
                <line number="8" hits="0" branch="false" />
                <line number="9" hits="0" branch="false" />
                <line number="10" hits="0" branch="false" />
                <line number="12" hits="0" branch="false" />
                <line number="13" hits="0" branch="false" />
                <line number="15" hits="0" branch="false" />
              </lines>
            </method>
          </methods>
          <lines>
            <line number="8" hits="0" branch="false" />
            <line number="9" hits="0" branch="false" />
            <line number="10" hits="0" branch="false" />
            <line number="12" hits="0" branch="false" />
            <line number="13" hits="0" branch="false" />
            <line number="15" hits="0" branch="false" />
          </lines>
        </class>
        <class name="Collections.Collection`1" filename="C:\Users\Elitsa\source\repos\QA_Automation_Back-End\NUnit-Collection-Sample\Collection\Collection.cs" line-rate="0.20253164556962" branch-rate="0.2" complexity="27">
          <methods>
            <method name="get_Capacity" signature="()" line-rate="0" branch-rate="1" complexity="1">
              <lines>
                <line number="10" hits="0" branch="false" />
              </lines>
            </method>
            <method name="get_Count" signature="()" line-rate="1" branch-rate="1" complexity="1">
              <lines>
                <line number="11" hits="2" branch="false" />
              </lines>
            </method>
            <method name="Add" signature="(...)" line-rate="0" branch-rate="1" complexity="1">
              <lines>
                <line number="23" hits="0" branch="false" />
                <line number="24" hits="0" branch="false" />
                <line number="25" hits="0" branch="false" />
                <line number="26" hits="0" branch="false" />
                <line number="27" hits="0" branch="false" />
              </lines>
            </method>
            <method name="AddRange" signature="(...)" line-rate="0" branch-rate="0" complexity="2">
              <lines>
                <line number="30" hits="0" branch="false" />
                <line number="31" hits="0" branch="true" condition-coverage="0% (0/2)" />
                <line number="32" hits="0" branch="false" />
                <line number="33" hits="0" branch="false" />
              </lines>
            </method>
            <method name="EnsureCapacity" signature="()" line-rate="0" branch-rate="0" complexity="4">
              <lines>
                <line number="36" hits="0" branch="false" />
                <line number="37" hits="0" branch="true" condition-coverage="0% (0/2)" />
                <line number="38" hits="0" branch="false" />
                <line number="40" hits="0" branch="false" />
                <line number="41" hits="0" branch="false" />
                <line number="42" hits="0" branch="true" condition-coverage="0% (0/2)" />
                <line number="43" hits="0" branch="false" />
                <line number="44" hits="0" branch="false" />
                <line number="45" hits="0" branch="false" />
              </lines>
            </method>
            <method name="get_Item" signature="(...)" line-rate="1" branch-rate="1" complexity="1">
              <lines>
                <line number="50" hits="1" branch="false" />
                <line number="51" hits="1" branch="false" />
                <line number="52" hits="1" branch="false" />
                <line number="53" hits="1" branch="false" />
              </lines>
            </method>
            <method name="set_Item" signature="(...)" line-rate="0" branch-rate="1" complexity="1">
              <lines>
                <line number="55" hits="0" branch="false" />
                <line number="56" hits="0" branch="false" />
                <line number="57" hits="0" branch="false" />
                <line number="58" hits="0" branch="false" />
              </lines>
            </method>
            <method name="InsertAt" signature="(...)" line-rate="0" branch-rate="0" complexity="2">
              <lines>
                <line number="62" hits="0" branch="false" />
                <line number="63" hits="0" branch="false" />
                <line number="64" hits="0" branch="false" />
                <line number="65" hits="0" branch="true" condition-coverage="0% (0/2)" />
                <line number="66" hits="0" branch="false" />
                <line number="67" hits="0" branch="false" />
                <line number="68" hits="0" branch="false" />
                <line number="69" hits="0" branch="false" />
              </lines>
            </method>
            <method name="CheckRange" signature="(...)" line-rate="0.5" branch-rate="0.5" complexity="4">
              <lines>
                <line number="72" hits="1" branch="false" />
                <line number="73" hits="1" branch="true" condition-coverage="50% (2/4)" />
                <line number="74" hits="0" branch="false" />
                <line number="75" hits="0" branch="false" />
                <line number="76" hits="0" branch="false" />
                <line number="78" hits="1" branch="false" />
              </lines>
            </method>
            <method name="Exchange" signature="(...)" line-rate="0" branch-rate="1" complexity="1">
              <lines>
                <line number="81" hits="0" branch="false" />
                <line number="82" hits="0" branch="false" />
                <line number="83" hits="0" branch="false" />
                <line number="84" hits="0" branch="false" />
                <line number="85" hits="0" branch="false" />
                <line number="86" hits="0" branch="false" />
                <line number="87" hits="0" branch="false" />
              </lines>
            </method>
            <method name="RemoveAt" signature="(...)" line-rate="0" branch-rate="0" complexity="2">
              <lines>
                <line number="90" hits="0" branch="false" />
                <line number="91" hits="0" branch="false" />
                <line number="92" hits="0" branch="false" />
                <line number="93" hits="0" branch="true" condition-coverage="0% (0/2)" />
                <line number="94" hits="0" branch="false" />
                <line number="95" hits="0" branch="false" />
                <line number="96" hits="0" branch="false" />
                <line number="97" hits="0" branch="false" />
              </lines>
            </method>
            <method name="Clear" signature="()" line-rate="0" branch-rate="1" complexity="1">
              <lines>
                <line number="100" hits="0" branch="false" />
                <line number="101" hits="0" branch="false" />
                <line number="102" hits="0" branch="false" />
              </lines>
            </method>
            <method name="ToString" signature="()" line-rate="0" branch-rate="0" complexity="4">
              <lines>
                <line number="105" hits="0" branch="false" />
                <line number="106" hits="0" branch="false" />
                <line number="107" hits="0" branch="true" condition-coverage="0% (0/2)" />
                <line number="108" hits="0" branch="false" />
                <line number="109" hits="0" branch="true" condition-coverage="0% (0/2)" />
                <line number="110" hits="0" branch="false" />
                <line number="111" hits="0" branch="false" />
                <line number="112" hits="0" branch="false" />
                <line number="113" hits="0" branch="false" />
                <line number="114" hits="0" branch="false" />
                <line number="115" hits="0" branch="false" />
              </lines>
            </method>
            <method name=".ctor" signature="(...)" line-rate="1" branch-rate="1" complexity="2">
              <lines>
                <line number="13" hits="1" branch="false" />
                <line number="14" hits="1" branch="false" />
                <line number="15" hits="1" branch="false" />
                <line number="16" hits="1" branch="false" />
                <line number="17" hits="8" branch="true" condition-coverage="100% (2/2)" />
                <line number="18" hits="3" branch="false" />
                <line number="19" hits="1" branch="false" />
                <line number="20" hits="1" branch="false" />
              </lines>
            </method>
          </methods>
          <lines>
            <line number="10" hits="0" branch="false" />
            <line number="11" hits="2" branch="false" />
            <line number="13" hits="1" branch="false" />
            <line number="14" hits="1" branch="false" />
            <line number="15" hits="1" branch="false" />
            <line number="16" hits="1" branch="false" />
            <line number="17" hits="8" branch="true" condition-coverage="100% (2/2)" />
            <line number="18" hits="3" branch="false" />
            <line number="19" hits="1" branch="false" />
            <line number="20" hits="1" branch="false" />
            <line number="23" hits="0" branch="false" />
            <line number="24" hits="0" branch="false" />
            <line number="25" hits="0" branch="false" />
            <line number="26" hits="0" branch="false" />
            <line number="27" hits="0" branch="false" />
            <line number="30" hits="0" branch="false" />
            <line number="31" hits="0" branch="true" condition-coverage="0% (0/2)" />
            <line number="32" hits="0" branch="false" />
            <line number="33" hits="0" branch="false" />
            <line number="36" hits="0" branch="false" />
            <line number="37" hits="0" branch="true" condition-coverage="0% (0/2)" />
            <line number="38" hits="0" branch="false" />
            <line number="40" hits="0" branch="false" />
            <line number="41" hits="0" branch="false" />
            <line number="42" hits="0" branch="true" condition-coverage="0% (0/2)" />
            <line number="43" hits="0" branch="false" />
            <line number="44" hits="0" branch="false" />
            <line number="45" hits="0" branch="false" />
            <line number="50" hits="1" branch="false" />
            <line number="51" hits="1" branch="false" />
            <line number="52" hits="1" branch="false" />
            <line number="53" hits="1" branch="false" />
            <line number="55" hits="0" branch="false" />
            <line number="56" hits="0" branch="false" />
            <line number="57" hits="0" branch="false" />
            <line number="58" hits="0" branch="false" />
            <line number="62" hits="0" branch="false" />
            <line number="63" hits="0" branch="false" />
            <line number="64" hits="0" branch="false" />
            <line number="65" hits="0" branch="true" condition-coverage="0% (0/2)" />
            <line number="66" hits="0" branch="false" />
            <line number="67" hits="0" branch="false" />
            <line number="68" hits="0" branch="false" />
            <line number="69" hits="0" branch="false" />
            <line number="72" hits="1" branch="false" />
            <line number="73" hits="1" branch="true" condition-coverage="50% (2/4)" />
            <line number="74" hits="0" branch="false" />
            <line number="75" hits="0" branch="false" />
            <line number="76" hits="0" branch="false" />
            <line number="78" hits="1" branch="false" />
            <line number="81" hits="0" branch="false" />
            <line number="82" hits="0" branch="false" />
            <line number="83" hits="0" branch="false" />
            <line number="84" hits="0" branch="false" />
            <line number="85" hits="0" branch="false" />
            <line number="86" hits="0" branch="false" />
            <line number="87" hits="0" branch="false" />
            <line number="90" hits="0" branch="false" />
            <line number="91" hits="0" branch="false" />
            <line number="92" hits="0" branch="false" />
            <line number="93" hits="0" branch="true" condition-coverage="0% (0/2)" />
            <line number="94" hits="0" branch="false" />
            <line number="95" hits="0" branch="false" />
            <line number="96" hits="0" branch="false" />
            <line number="97" hits="0" branch="false" />
            <line number="100" hits="0" branch="false" />
            <line number="101" hits="0" branch="false" />
            <line number="102" hits="0" branch="false" />
            <line number="105" hits="0" branch="false" />
            <line number="106" hits="0" branch="false" />
            <line number="107" hits="0" branch="true" condition-coverage="0% (0/2)" />
            <line number="108" hits="0" branch="false" />
            <line number="109" hits="0" branch="true" condition-coverage="0% (0/2)" />
            <line number="110" hits="0" branch="false" />
            <line number="111" hits="0" branch="false" />
            <line number="112" hits="0" branch="false" />
            <line number="113" hits="0" branch="false" />
            <line number="114" hits="0" branch="false" />
            <line number="115" hits="0" branch="false" />
          </lines>
        </class>
      </classes>
    </package>
    <package name="Collection.UnitTests" line-rate="0.833333333333333" branch-rate="1" complexity="2">
      <classes>
        <class name="AutoGeneratedProgram" filename="C:\Users\Elitsa\.nuget\packages\microsoft.net.test.sdk\17.3.2\build\netcoreapp2.1\Microsoft.NET.Test.Sdk.Program.cs" line-rate="0" branch-rate="1" complexity="1">
          <methods>
            <method name="Main" signature="(...)" line-rate="0" branch-rate="1" complexity="1">
              <lines>
                <line number="4" hits="0" branch="false" />
              </lines>
            </method>
          </methods>
          <lines>
            <line number="4" hits="0" branch="false" />
          </lines>
        </class>
        <class name="Collection.UnitTests.CollectionTests" filename="C:\Users\Elitsa\source\repos\QA_Automation_Back-End\NUnit-Collection-Sample\Collection.UnitTests\CollectionTests.cs" line-rate="1" branch-rate="1" complexity="1">
          <methods>
            <method name="Test_Collection_GetByValidIndex" signature="(...)" line-rate="1" branch-rate="1" complexity="1">
              <lines>
                <line number="11" hits="1" branch="false" />
                <line number="12" hits="1" branch="false" />
                <line number="14" hits="1" branch="false" />
                <line number="16" hits="1" branch="false" />
                <line number="17" hits="1" branch="false" />
              </lines>
            </method>
          </methods>
          <lines>
            <line number="11" hits="1" branch="false" />
            <line number="12" hits="1" branch="false" />
            <line number="14" hits="1" branch="false" />
            <line number="16" hits="1" branch="false" />
            <line number="17" hits="1" branch="false" />
          </lines>
        </class>
      </classes>
    </package>
  </packages>
</coverage>