TpTrace Verbose: 0 : 19400, 1, 2023/02/04, 15:23:18.494, 10511210975327, vstest.console.dll, Version: 17.4.0-release-20221019-01 Current process architecture: X64
TpTrace Verbose: 0 : 19400, 1, 2023/02/04, 15:23:18.499, 10511211016842, vstest.console.dll, Runtime location: C:\Program Files\dotnet\shared\Microsoft.NETCore.App\7.0.2
TpTrace Verbose: 0 : 19400, 1, 2023/02/04, 15:23:18.507, 10511211096696, vstest.console.dll, ArtifactProcessingPostProcessModeProcessorExecutor.Initialize: ArtifactProcessingMode.Collect
TpTrace Verbose: 0 : 19400, 1, 2023/02/04, 15:23:18.507, 10511211098714, vstest.console.dll, TestSessionCorrelationIdProcessorModeProcessorExecutor.Initialize: TestSessionCorrelationId '17016_ea071e74-a5a9-43f5-89e3-0f76b7aef944'
TpTrace Information: 0 : 19400, 1, 2023/02/04, 15:23:18.523, 10511211259916, vstest.console.dll, FilePatternParser: The given file C:\Users\Elitsa\source\repos\QA_Automation_Back-End\NUnit-Collection-Sample\Collection.UnitTests\bin\Debug\net6.0\fine-code-coverage\build-output\Collection.UnitTests.dll is a full path.
TpTrace Verbose: 0 : 19400, 1, 2023/02/04, 15:23:18.532, 10511211350934, vstest.console.dll, TestPluginCache.DiscoverTestExtensions: finding test extensions in assemblies ends with: RuntimeProvider.dll TPluginInfo: Microsoft.VisualStudio.TestPlatform.Common.ExtensionFramework.Utilities.TestRuntimePluginInformation TExtension: Microsoft.VisualStudio.TestPlatform.ObjectModel.Host.ITestRuntimeProvider
TpTrace Verbose: 0 : 19400, 1, 2023/02/04, 15:23:18.532, 10511211356174, vstest.console.dll, TestPluginCache.GetExtensionPaths: Filtered extension paths: 
TpTrace Verbose: 0 : 19400, 1, 2023/02/04, 15:23:18.533, 10511211357899, vstest.console.dll, TestPluginCache.GetExtensionPaths: Added default extension paths: C:\Program Files\dotnet\sdk\7.0.102\Extensions\Microsoft.Diagnostics.NETCore.Client.dll
C:\Program Files\dotnet\sdk\7.0.102\Extensions\Microsoft.TestPlatform.Extensions.BlameDataCollector.dll
C:\Program Files\dotnet\sdk\7.0.102\Extensions\Microsoft.TestPlatform.Extensions.EventLogCollector.dll
C:\Program Files\dotnet\sdk\7.0.102\Extensions\Microsoft.TestPlatform.TestHostRuntimeProvider.dll
C:\Program Files\dotnet\sdk\7.0.102\Extensions\Microsoft.VisualStudio.TestPlatform.Extensions.Html.TestLogger.dll
C:\Program Files\dotnet\sdk\7.0.102\Extensions\Microsoft.VisualStudio.TestPlatform.Extensions.Trx.TestLogger.dll
TpTrace Verbose: 0 : 19400, 1, 2023/02/04, 15:23:18.533, 10511211358835, vstest.console.dll, TestPluginCache.GetExtensionPaths: Added unfilterableExtensionPaths: 
TpTrace Information: 0 : 19400, 1, 2023/02/04, 15:23:18.535, 10511211376681, vstest.console.dll, AssemblyResolver.ctor: Creating AssemblyResolver with searchDirectories C:\Program Files\dotnet\sdk\7.0.102\Extensions,C:\Program Files\dotnet\sdk\7.0.102
TpTrace Verbose: 0 : 19400, 1, 2023/02/04, 15:23:18.536, 10511211396529, vstest.console.dll, TestPluginCache.DiscoverTestExtensions: Discovering the extensions using extension path.
TpTrace Verbose: 0 : 19400, 1, 2023/02/04, 15:23:18.537, 10511211399041, vstest.console.dll, TestPluginCache.GetExtensionPaths: Filtered extension paths: 
TpTrace Verbose: 0 : 19400, 1, 2023/02/04, 15:23:18.537, 10511211399687, vstest.console.dll, TestPluginCache.GetExtensionPaths: Added default extension paths: C:\Program Files\dotnet\sdk\7.0.102\Extensions\Microsoft.Diagnostics.NETCore.Client.dll
C:\Program Files\dotnet\sdk\7.0.102\Extensions\Microsoft.TestPlatform.Extensions.BlameDataCollector.dll
C:\Program Files\dotnet\sdk\7.0.102\Extensions\Microsoft.TestPlatform.Extensions.EventLogCollector.dll
C:\Program Files\dotnet\sdk\7.0.102\Extensions\Microsoft.TestPlatform.TestHostRuntimeProvider.dll
C:\Program Files\dotnet\sdk\7.0.102\Extensions\Microsoft.VisualStudio.TestPlatform.Extensions.Html.TestLogger.dll
C:\Program Files\dotnet\sdk\7.0.102\Extensions\Microsoft.VisualStudio.TestPlatform.Extensions.Trx.TestLogger.dll
TpTrace Verbose: 0 : 19400, 1, 2023/02/04, 15:23:18.537, 10511211400277, vstest.console.dll, TestPluginCache.GetExtensionPaths: Added unfilterableExtensionPaths: 
TpTrace Verbose: 0 : 19400, 1, 2023/02/04, 15:23:18.537, 10511211403308, vstest.console.dll, TestPluginCache.DiscoverTestExtensions: Discovering the extensions using allExtensionPaths: C:\Program Files\dotnet\sdk\7.0.102\Extensions\Microsoft.Diagnostics.NETCore.Client.dll
C:\Program Files\dotnet\sdk\7.0.102\Extensions\Microsoft.TestPlatform.Extensions.BlameDataCollector.dll
C:\Program Files\dotnet\sdk\7.0.102\Extensions\Microsoft.TestPlatform.Extensions.EventLogCollector.dll
C:\Program Files\dotnet\sdk\7.0.102\Extensions\Microsoft.TestPlatform.TestHostRuntimeProvider.dll
C:\Program Files\dotnet\sdk\7.0.102\Extensions\Microsoft.VisualStudio.TestPlatform.Extensions.Html.TestLogger.dll
C:\Program Files\dotnet\sdk\7.0.102\Extensions\Microsoft.VisualStudio.TestPlatform.Extensions.Trx.TestLogger.dll
TpTrace Information: 0 : 19400, 1, 2023/02/04, 15:23:18.537, 10511211405141, vstest.console.dll, AssemblyResolver.AddSearchDirectories: Adding more searchDirectories C:\Program Files\dotnet\sdk\7.0.102\Extensions,C:\Program Files\dotnet\sdk\7.0.102
TpTrace Information: 0 : 19400, 1, 2023/02/04, 15:23:18.537, 10511211405868, vstest.console.dll, AssemblyResolver.AddSearchDirectories: Adding more searchDirectories C:\Program Files\dotnet\sdk\7.0.102\Extensions,C:\Program Files\dotnet\sdk\7.0.102
TpTrace Information: 0 : 19400, 1, 2023/02/04, 15:23:18.537, 10511211406479, vstest.console.dll, AssemblyResolver.AddSearchDirectories: Adding more searchDirectories C:\Program Files\dotnet\sdk\7.0.102\Extensions,C:\Program Files\dotnet\sdk\7.0.102
TpTrace Information: 0 : 19400, 1, 2023/02/04, 15:23:18.538, 10511211406966, vstest.console.dll, AssemblyResolver.AddSearchDirectories: Adding more searchDirectories C:\Program Files\dotnet\sdk\7.0.102\Extensions,C:\Program Files\dotnet\sdk\7.0.102
TpTrace Information: 0 : 19400, 1, 2023/02/04, 15:23:18.538, 10511211407420, vstest.console.dll, AssemblyResolver.AddSearchDirectories: Adding more searchDirectories C:\Program Files\dotnet\sdk\7.0.102\Extensions,C:\Program Files\dotnet\sdk\7.0.102
TpTrace Information: 0 : 19400, 1, 2023/02/04, 15:23:18.538, 10511211407923, vstest.console.dll, AssemblyResolver.AddSearchDirectories: Adding more searchDirectories C:\Program Files\dotnet\sdk\7.0.102\Extensions,C:\Program Files\dotnet\sdk\7.0.102
TpTrace Information: 0 : 19400, 1, 2023/02/04, 15:23:18.538, 10511211413932, vstest.console.dll, AssemblyResolver.OnResolve: Microsoft.Diagnostics.NETCore.Client: Resolving assembly.
TpTrace Information: 0 : 19400, 1, 2023/02/04, 15:23:18.538, 10511211414895, vstest.console.dll, AssemblyResolver.OnResolve: Microsoft.Diagnostics.NETCore.Client: Searching in: 'C:\Program Files\dotnet\sdk\7.0.102\Extensions'.
TpTrace Information: 0 : 19400, 1, 2023/02/04, 15:23:18.550, 10511211531814, vstest.console.dll, AssemblyResolver.OnResolve: Microsoft.Diagnostics.NETCore.Client: Loading assembly 'C:\Program Files\dotnet\sdk\7.0.102\Extensions\Microsoft.Diagnostics.NETCore.Client.dll'.
TpTrace Information: 0 : 19400, 1, 2023/02/04, 15:23:18.551, 10511211539900, vstest.console.dll, AssemblyResolver.OnResolve: Resolved assembly: Microsoft.Diagnostics.NETCore.Client, from path: C:\Program Files\dotnet\sdk\7.0.102\Extensions\Microsoft.Diagnostics.NETCore.Client.dll
TpTrace Verbose: 0 : 19400, 1, 2023/02/04, 15:23:18.552, 10511211556203, vstest.console.dll, MetadataReaderExtensionsHelper: Discovering extensions inside assembly 'Microsoft.Diagnostics.NETCore.Client, Version=0.2.6.42401, Culture=neutral, PublicKeyToken=31bf3856ad364e35' file path 'C:\Program Files\dotnet\sdk\7.0.102\Extensions\Microsoft.Diagnostics.NETCore.Client.dll'
TpTrace Information: 0 : 19400, 1, 2023/02/04, 15:23:18.558, 10511211609606, vstest.console.dll, AssemblyResolver.OnResolve: Microsoft.Bcl.AsyncInterfaces: Resolving assembly.
TpTrace Information: 0 : 19400, 1, 2023/02/04, 15:23:18.558, 10511211610685, vstest.console.dll, AssemblyResolver.OnResolve: Microsoft.Bcl.AsyncInterfaces: Searching in: 'C:\Program Files\dotnet\sdk\7.0.102\Extensions'.
TpTrace Information: 0 : 19400, 1, 2023/02/04, 15:23:18.558, 10511211612113, vstest.console.dll, AssemblyResolver.OnResolve: Microsoft.Bcl.AsyncInterfaces: Assembly path does not exist: 'C:\Program Files\dotnet\sdk\7.0.102\Extensions\Microsoft.Bcl.AsyncInterfaces.dll', returning.
TpTrace Information: 0 : 19400, 1, 2023/02/04, 15:23:18.558, 10511211613931, vstest.console.dll, AssemblyResolver.OnResolve: Microsoft.Bcl.AsyncInterfaces: Assembly path does not exist: 'C:\Program Files\dotnet\sdk\7.0.102\Extensions\Microsoft.Bcl.AsyncInterfaces.exe', returning.
TpTrace Information: 0 : 19400, 1, 2023/02/04, 15:23:18.558, 10511211614571, vstest.console.dll, AssemblyResolver.OnResolve: Microsoft.Bcl.AsyncInterfaces: Searching in: 'C:\Program Files\dotnet\sdk\7.0.102'.
TpTrace Information: 0 : 19400, 1, 2023/02/04, 15:23:18.558, 10511211615809, vstest.console.dll, AssemblyResolver.OnResolve: Microsoft.Bcl.AsyncInterfaces: Assembly path does not exist: 'C:\Program Files\dotnet\sdk\7.0.102\Microsoft.Bcl.AsyncInterfaces.dll', returning.
TpTrace Information: 0 : 19400, 1, 2023/02/04, 15:23:18.559, 10511211617097, vstest.console.dll, AssemblyResolver.OnResolve: Microsoft.Bcl.AsyncInterfaces: Assembly path does not exist: 'C:\Program Files\dotnet\sdk\7.0.102\Microsoft.Bcl.AsyncInterfaces.exe', returning.
TpTrace Information: 0 : 19400, 1, 2023/02/04, 15:23:18.559, 10511211617566, vstest.console.dll, AssemblyResolver.OnResolve: Microsoft.Bcl.AsyncInterfaces: Failed to load assembly.
TpTrace Verbose: 0 : 19400, 1, 2023/02/04, 15:23:18.559, 10511211618146, vstest.console.dll, CurrentDomainAssemblyResolve: Resolving assembly 'Microsoft.Bcl.AsyncInterfaces'.
TpTrace Information: 0 : 19400, 1, 2023/02/04, 15:23:18.559, 10511211618999, vstest.console.dll, AssemblyResolver.OnResolve: Microsoft.Bcl.AsyncInterfaces: Resolving assembly.
TpTrace Information: 0 : 19400, 1, 2023/02/04, 15:23:18.559, 10511211619618, vstest.console.dll, AssemblyResolver.OnResolve: Microsoft.Bcl.AsyncInterfaces: Resolved from cache.
TpTrace Verbose: 0 : 19400, 1, 2023/02/04, 15:23:18.559, 10511211620049, vstest.console.dll, CurrentDomainAssemblyResolve: Resolving assembly 'Microsoft.Bcl.AsyncInterfaces'.
TpTrace Verbose: 0 : 19400, 1, 2023/02/04, 15:23:18.559, 10511211620574, vstest.console.dll, CurrentDomainAssemblyResolve: Failed to resolve assembly 'Microsoft.Bcl.AsyncInterfaces'.
TpTrace Verbose: 0 : 19400, 1, 2023/02/04, 15:23:18.560, 10511211634806, vstest.console.dll, CurrentDomainAssemblyResolve: Failed to resolve assembly 'Microsoft.Bcl.AsyncInterfaces'.
TpTrace Warning: 0 : 19400, 1, 2023/02/04, 15:23:18.573, 10511211761207, vstest.console.dll, TestPluginDiscoverer: Failed to get types from assembly 'Microsoft.Diagnostics.NETCore.Client, Version=0.2.6.42401, Culture=neutral, PublicKeyToken=31bf3856ad364e35'. Error: System.Reflection.ReflectionTypeLoadException: Unable to load one or more of the requested types.
Could not load file or assembly 'Microsoft.Bcl.AsyncInterfaces, Version=1.0.0.0, Culture=neutral, PublicKeyToken=cc7b13ffcd2ddd51'. The system cannot find the file specified.
   at System.Reflection.RuntimeModule.GetTypes(RuntimeModule module)
   at System.Reflection.Assembly.GetTypes()
   at Microsoft.VisualStudio.TestPlatform.Common.ExtensionFramework.TestPluginDiscoverer.GetTestExtensionsFromAssembly[TPluginInfo,TExtension](Assembly assembly, Dictionary`2 pluginInfos, String filePath)
System.IO.FileNotFoundException: Could not load file or assembly 'Microsoft.Bcl.AsyncInterfaces, Version=1.0.0.0, Culture=neutral, PublicKeyToken=cc7b13ffcd2ddd51'. The system cannot find the file specified.
File name: 'Microsoft.Bcl.AsyncInterfaces, Version=1.0.0.0, Culture=neutral, PublicKeyToken=cc7b13ffcd2ddd51'
 ---> System.IO.FileNotFoundException: Could not load file or assembly 'Microsoft.Bcl.AsyncInterfaces, Culture=neutral, PublicKeyToken=null'. The system cannot find the file specified.
File name: 'Microsoft.Bcl.AsyncInterfaces, Culture=neutral, PublicKeyToken=null'
   at System.Reflection.RuntimeAssembly.InternalLoad(AssemblyName assemblyName, StackCrawlMark& stackMark, AssemblyLoadContext assemblyLoadContext, RuntimeAssembly requestingAssembly, Boolean throwOnFileNotFound)
   at System.Reflection.Assembly.Load(AssemblyName assemblyRef)
   at Microsoft.VisualStudio.TestPlatform.Common.ExtensionFramework.TestPluginCache.CurrentDomainAssemblyResolve(Object sender, AssemblyResolveEventArgs args)
   at System.Runtime.Loader.AssemblyLoadContext.GetFirstResolvedAssemblyFromResolvingEvent(AssemblyName assemblyName)
   at System.Runtime.Loader.AssemblyLoadContext.ResolveUsingEvent(AssemblyName assemblyName)
   at System.Runtime.Loader.AssemblyLoadContext.ResolveUsingResolvingEvent(IntPtr gchManagedAssemblyLoadContext, AssemblyName assemblyName)
TpTrace Warning: 0 : 19400, 1, 2023/02/04, 15:23:18.573, 10511211765883, vstest.console.dll, LoaderExceptions: System.IO.FileNotFoundException: Could not load file or assembly 'Microsoft.Bcl.AsyncInterfaces, Version=1.0.0.0, Culture=neutral, PublicKeyToken=cc7b13ffcd2ddd51'. The system cannot find the file specified.
File name: 'Microsoft.Bcl.AsyncInterfaces, Version=1.0.0.0, Culture=neutral, PublicKeyToken=cc7b13ffcd2ddd51'
 ---> System.IO.FileNotFoundException: Could not load file or assembly 'Microsoft.Bcl.AsyncInterfaces, Culture=neutral, PublicKeyToken=null'. The system cannot find the file specified.
File name: 'Microsoft.Bcl.AsyncInterfaces, Culture=neutral, PublicKeyToken=null'
   at System.Reflection.RuntimeAssembly.InternalLoad(AssemblyName assemblyName, StackCrawlMark& stackMark, AssemblyLoadContext assemblyLoadContext, RuntimeAssembly requestingAssembly, Boolean throwOnFileNotFound)
   at System.Reflection.Assembly.Load(AssemblyName assemblyRef)
   at Microsoft.VisualStudio.TestPlatform.Common.ExtensionFramework.TestPluginCache.CurrentDomainAssemblyResolve(Object sender, AssemblyResolveEventArgs args)
   at System.Runtime.Loader.AssemblyLoadContext.GetFirstResolvedAssemblyFromResolvingEvent(AssemblyName assemblyName)
   at System.Runtime.Loader.AssemblyLoadContext.ResolveUsingEvent(AssemblyName assemblyName)
   at System.Runtime.Loader.AssemblyLoadContext.ResolveUsingResolvingEvent(IntPtr gchManagedAssemblyLoadContext, AssemblyName assemblyName)
TpTrace Information: 0 : 19400, 1, 2023/02/04, 15:23:18.574, 10511211768206, vstest.console.dll, AssemblyResolver.OnResolve: Microsoft.TestPlatform.Extensions.BlameDataCollector: Resolving assembly.
TpTrace Information: 0 : 19400, 1, 2023/02/04, 15:23:18.574, 10511211768850, vstest.console.dll, AssemblyResolver.OnResolve: Microsoft.TestPlatform.Extensions.BlameDataCollector: Searching in: 'C:\Program Files\dotnet\sdk\7.0.102\Extensions'.
TpTrace Information: 0 : 19400, 1, 2023/02/04, 15:23:18.574, 10511211774279, vstest.console.dll, AssemblyResolver.OnResolve: Microsoft.TestPlatform.Extensions.BlameDataCollector: Loading assembly 'C:\Program Files\dotnet\sdk\7.0.102\Extensions\Microsoft.TestPlatform.Extensions.BlameDataCollector.dll'.
TpTrace Information: 0 : 19400, 1, 2023/02/04, 15:23:18.575, 10511211783554, vstest.console.dll, AssemblyResolver.OnResolve: Resolved assembly: Microsoft.TestPlatform.Extensions.BlameDataCollector, from path: C:\Program Files\dotnet\sdk\7.0.102\Extensions\Microsoft.TestPlatform.Extensions.BlameDataCollector.dll
TpTrace Verbose: 0 : 19400, 1, 2023/02/04, 15:23:18.575, 10511211785039, vstest.console.dll, MetadataReaderExtensionsHelper: Discovering extensions inside assembly 'Microsoft.TestPlatform.Extensions.BlameDataCollector, Version=15.0.0.0, Culture=neutral, PublicKeyToken=b03f5f7f11d50a3a' file path 'C:\Program Files\dotnet\sdk\7.0.102\Extensions\Microsoft.TestPlatform.Extensions.BlameDataCollector.dll'
TpTrace Information: 0 : 19400, 1, 2023/02/04, 15:23:18.577, 10511211802475, vstest.console.dll, AssemblyResolver.OnResolve: Microsoft.TestPlatform.Extensions.EventLogCollector: Resolving assembly.
TpTrace Information: 0 : 19400, 1, 2023/02/04, 15:23:18.577, 10511211803407, vstest.console.dll, AssemblyResolver.OnResolve: Microsoft.TestPlatform.Extensions.EventLogCollector: Searching in: 'C:\Program Files\dotnet\sdk\7.0.102\Extensions'.
TpTrace Information: 0 : 19400, 1, 2023/02/04, 15:23:18.578, 10511211807803, vstest.console.dll, AssemblyResolver.OnResolve: Microsoft.TestPlatform.Extensions.EventLogCollector: Loading assembly 'C:\Program Files\dotnet\sdk\7.0.102\Extensions\Microsoft.TestPlatform.Extensions.EventLogCollector.dll'.
TpTrace Information: 0 : 19400, 1, 2023/02/04, 15:23:18.578, 10511211812928, vstest.console.dll, AssemblyResolver.OnResolve: Resolved assembly: Microsoft.TestPlatform.Extensions.EventLogCollector, from path: C:\Program Files\dotnet\sdk\7.0.102\Extensions\Microsoft.TestPlatform.Extensions.EventLogCollector.dll
TpTrace Verbose: 0 : 19400, 1, 2023/02/04, 15:23:18.578, 10511211813936, vstest.console.dll, MetadataReaderExtensionsHelper: Discovering extensions inside assembly 'Microsoft.TestPlatform.Extensions.EventLogCollector, Version=15.0.0.0, Culture=neutral, PublicKeyToken=b03f5f7f11d50a3a' file path 'C:\Program Files\dotnet\sdk\7.0.102\Extensions\Microsoft.TestPlatform.Extensions.EventLogCollector.dll'
TpTrace Information: 0 : 19400, 1, 2023/02/04, 15:23:18.581, 10511211842483, vstest.console.dll, AssemblyResolver.OnResolve: Microsoft.TestPlatform.TestHostRuntimeProvider: Resolving assembly.
TpTrace Information: 0 : 19400, 1, 2023/02/04, 15:23:18.581, 10511211843701, vstest.console.dll, AssemblyResolver.OnResolve: Microsoft.TestPlatform.TestHostRuntimeProvider: Searching in: 'C:\Program Files\dotnet\sdk\7.0.102\Extensions'.
TpTrace Information: 0 : 19400, 1, 2023/02/04, 15:23:18.582, 10511211848361, vstest.console.dll, AssemblyResolver.OnResolve: Microsoft.TestPlatform.TestHostRuntimeProvider: Loading assembly 'C:\Program Files\dotnet\sdk\7.0.102\Extensions\Microsoft.TestPlatform.TestHostRuntimeProvider.dll'.
TpTrace Information: 0 : 19400, 1, 2023/02/04, 15:23:18.582, 10511211854563, vstest.console.dll, AssemblyResolver.OnResolve: Resolved assembly: Microsoft.TestPlatform.TestHostRuntimeProvider, from path: C:\Program Files\dotnet\sdk\7.0.102\Extensions\Microsoft.TestPlatform.TestHostRuntimeProvider.dll
TpTrace Verbose: 0 : 19400, 1, 2023/02/04, 15:23:18.582, 10511211855511, vstest.console.dll, MetadataReaderExtensionsHelper: Discovering extensions inside assembly 'Microsoft.TestPlatform.TestHostRuntimeProvider, Version=15.0.0.0, Culture=neutral, PublicKeyToken=b03f5f7f11d50a3a' file path 'C:\Program Files\dotnet\sdk\7.0.102\Extensions\Microsoft.TestPlatform.TestHostRuntimeProvider.dll'
TpTrace Information: 0 : 19400, 1, 2023/02/04, 15:23:18.585, 10511211877908, vstest.console.dll, GetTestExtensionFromType: Register extension with identifier data 'HostProvider://DefaultTestHost' and type 'Microsoft.VisualStudio.TestPlatform.CrossPlatEngine.Hosting.DefaultTestHostManager, Microsoft.TestPlatform.TestHostRuntimeProvider, Version=15.0.0.0, Culture=neutral, PublicKeyToken=b03f5f7f11d50a3a' inside file 'C:\Program Files\dotnet\sdk\7.0.102\Extensions\Microsoft.TestPlatform.TestHostRuntimeProvider.dll'
TpTrace Information: 0 : 19400, 1, 2023/02/04, 15:23:18.585, 10511211881579, vstest.console.dll, GetTestExtensionFromType: Register extension with identifier data 'HostProvider://DotnetTestHost' and type 'Microsoft.VisualStudio.TestPlatform.CrossPlatEngine.Hosting.DotnetTestHostManager, Microsoft.TestPlatform.TestHostRuntimeProvider, Version=15.0.0.0, Culture=neutral, PublicKeyToken=b03f5f7f11d50a3a' inside file 'C:\Program Files\dotnet\sdk\7.0.102\Extensions\Microsoft.TestPlatform.TestHostRuntimeProvider.dll'
TpTrace Information: 0 : 19400, 1, 2023/02/04, 15:23:18.585, 10511211882568, vstest.console.dll, AssemblyResolver.OnResolve: Microsoft.VisualStudio.TestPlatform.Extensions.Html.TestLogger: Resolving assembly.
TpTrace Information: 0 : 19400, 1, 2023/02/04, 15:23:18.585, 10511211883034, vstest.console.dll, AssemblyResolver.OnResolve: Microsoft.VisualStudio.TestPlatform.Extensions.Html.TestLogger: Searching in: 'C:\Program Files\dotnet\sdk\7.0.102\Extensions'.
TpTrace Information: 0 : 19400, 1, 2023/02/04, 15:23:18.586, 10511211887143, vstest.console.dll, AssemblyResolver.OnResolve: Microsoft.VisualStudio.TestPlatform.Extensions.Html.TestLogger: Loading assembly 'C:\Program Files\dotnet\sdk\7.0.102\Extensions\Microsoft.VisualStudio.TestPlatform.Extensions.Html.TestLogger.dll'.
TpTrace Information: 0 : 19400, 1, 2023/02/04, 15:23:18.586, 10511211893023, vstest.console.dll, AssemblyResolver.OnResolve: Resolved assembly: Microsoft.VisualStudio.TestPlatform.Extensions.Html.TestLogger, from path: C:\Program Files\dotnet\sdk\7.0.102\Extensions\Microsoft.VisualStudio.TestPlatform.Extensions.Html.TestLogger.dll
TpTrace Verbose: 0 : 19400, 1, 2023/02/04, 15:23:18.586, 10511211893909, vstest.console.dll, MetadataReaderExtensionsHelper: Discovering extensions inside assembly 'Microsoft.VisualStudio.TestPlatform.Extensions.Html.TestLogger, Version=15.0.0.0, Culture=neutral, PublicKeyToken=b03f5f7f11d50a3a' file path 'C:\Program Files\dotnet\sdk\7.0.102\Extensions\Microsoft.VisualStudio.TestPlatform.Extensions.Html.TestLogger.dll'
TpTrace Information: 0 : 19400, 1, 2023/02/04, 15:23:18.587, 10511211903084, vstest.console.dll, AssemblyResolver.OnResolve: Microsoft.VisualStudio.TestPlatform.Extensions.Trx.TestLogger: Resolving assembly.
TpTrace Information: 0 : 19400, 1, 2023/02/04, 15:23:18.587, 10511211903850, vstest.console.dll, AssemblyResolver.OnResolve: Microsoft.VisualStudio.TestPlatform.Extensions.Trx.TestLogger: Searching in: 'C:\Program Files\dotnet\sdk\7.0.102\Extensions'.
TpTrace Information: 0 : 19400, 1, 2023/02/04, 15:23:18.588, 10511211907667, vstest.console.dll, AssemblyResolver.OnResolve: Microsoft.VisualStudio.TestPlatform.Extensions.Trx.TestLogger: Loading assembly 'C:\Program Files\dotnet\sdk\7.0.102\Extensions\Microsoft.VisualStudio.TestPlatform.Extensions.Trx.TestLogger.dll'.
TpTrace Information: 0 : 19400, 1, 2023/02/04, 15:23:18.588, 10511211913944, vstest.console.dll, AssemblyResolver.OnResolve: Resolved assembly: Microsoft.VisualStudio.TestPlatform.Extensions.Trx.TestLogger, from path: C:\Program Files\dotnet\sdk\7.0.102\Extensions\Microsoft.VisualStudio.TestPlatform.Extensions.Trx.TestLogger.dll
TpTrace Verbose: 0 : 19400, 1, 2023/02/04, 15:23:18.588, 10511211914768, vstest.console.dll, MetadataReaderExtensionsHelper: Discovering extensions inside assembly 'Microsoft.VisualStudio.TestPlatform.Extensions.Trx.TestLogger, Version=15.0.0.0, Culture=neutral, PublicKeyToken=b03f5f7f11d50a3a' file path 'C:\Program Files\dotnet\sdk\7.0.102\Extensions\Microsoft.VisualStudio.TestPlatform.Extensions.Trx.TestLogger.dll'
TpTrace Verbose: 0 : 19400, 1, 2023/02/04, 15:23:18.590, 10511211928004, vstest.console.dll, TestPluginCache: Discovered the extensions using extension path ''.
TpTrace Verbose: 0 : 19400, 1, 2023/02/04, 15:23:18.590, 10511211929213, vstest.console.dll, TestPluginCache: Discoverers are ''.
TpTrace Verbose: 0 : 19400, 1, 2023/02/04, 15:23:18.590, 10511211929778, vstest.console.dll, TestPluginCache: Executors are ''.
TpTrace Verbose: 0 : 19400, 1, 2023/02/04, 15:23:18.590, 10511211930256, vstest.console.dll, TestPluginCache: Executors2 are ''.
TpTrace Verbose: 0 : 19400, 1, 2023/02/04, 15:23:18.590, 10511211930733, vstest.console.dll, TestPluginCache: Setting providers are ''.
TpTrace Verbose: 0 : 19400, 1, 2023/02/04, 15:23:18.590, 10511211931120, vstest.console.dll, TestPluginCache: Loggers are ''.
TpTrace Verbose: 0 : 19400, 1, 2023/02/04, 15:23:18.590, 10511211933087, vstest.console.dll, TestPluginCache: TestHosts are 'HostProvider://DefaultTestHost,HostProvider://DotnetTestHost'.
TpTrace Verbose: 0 : 19400, 1, 2023/02/04, 15:23:18.590, 10511211933719, vstest.console.dll, TestPluginCache: DataCollectors are ''.
TpTrace Information: 0 : 19400, 1, 2023/02/04, 15:23:18.603, 10511212064249, vstest.console.dll, RunTestsArgumentProcessor:Execute: Test run is starting.
TpTrace Verbose: 0 : 19400, 1, 2023/02/04, 15:23:18.603, 10511212065422, vstest.console.dll, RunTestsArgumentProcessor:Execute: Queuing Test run.
TpTrace Information: 0 : 19400, 1, 2023/02/04, 15:23:18.604, 10511212068848, vstest.console.dll, TestRequestManager.RunTests: run tests started.
TpTrace Information: 0 : 19400, 1, 2023/02/04, 15:23:18.614, 10511212175350, vstest.console.dll, AssemblyMetadataProvider.GetFrameworkName: Determined framework:'.NETCoreApp,Version=v6.0' for source: 'C:\Users\Elitsa\source\repos\QA_Automation_Back-End\NUnit-Collection-Sample\Collection.UnitTests\bin\Debug\net6.0\fine-code-coverage\build-output\Collection.UnitTests.dll'
TpTrace Information: 0 : 19400, 1, 2023/02/04, 15:23:18.615, 10511212179662, vstest.console.dll, Determined framework for all sources: .NETCoreApp,Version=v6.0
TpTrace Verbose: 0 : 19400, 1, 2023/02/04, 15:23:18.616, 10511212188886, vstest.console.dll, TestRequestManager.UpdateRunSettingsIfRequired: Default architecture: X64 IsDefaultTargetArchitecture: True, Current process architecture: X64 OperatingSystem: Windows.
TpTrace Information: 0 : 19400, 1, 2023/02/04, 15:23:18.621, 10511212238327, vstest.console.dll, AssemblyMetadataProvider.GetArchitecture: Determined architecture:AnyCPU info for assembly: C:\Users\Elitsa\source\repos\QA_Automation_Back-End\NUnit-Collection-Sample\Collection.UnitTests\bin\Debug\net6.0\fine-code-coverage\build-output\Collection.UnitTests.dll
TpTrace Information: 0 : 19400, 1, 2023/02/04, 15:23:18.621, 10511212239578, vstest.console.dll, Determined platform for source 'C:\Users\Elitsa\source\repos\QA_Automation_Back-End\NUnit-Collection-Sample\Collection.UnitTests\bin\Debug\net6.0\fine-code-coverage\build-output\Collection.UnitTests.dll' was AnyCPU and it will use the default plaform X64.
TpTrace Information: 0 : 19400, 1, 2023/02/04, 15:23:18.621, 10511212240089, vstest.console.dll, None of the sources provided any runnable platform, using the default platform: X64
TpTrace Information: 0 : 19400, 1, 2023/02/04, 15:23:18.621, 10511212241377, vstest.console.dll, Platform was updated to 'X64'.
TpTrace Information: 0 : 19400, 1, 2023/02/04, 15:23:18.625, 10511212285054, vstest.console.dll, InferRunSettingsHelper.IsTestSettingsEnabled: Unable to navigate to RunSettings/MSTest. Current node: RunSettings
TpTrace Information: 0 : 19400, 1, 2023/02/04, 15:23:18.626, 10511212293626, vstest.console.dll, AssemblyResolver.OnResolve: Microsoft.VisualStudio.TestPlatform.Fakes: Resolving assembly.
TpTrace Information: 0 : 19400, 1, 2023/02/04, 15:23:18.626, 10511212294631, vstest.console.dll, AssemblyResolver.OnResolve: Microsoft.VisualStudio.TestPlatform.Fakes: Searching in: 'C:\Program Files\dotnet\sdk\7.0.102\Extensions'.
TpTrace Information: 0 : 19400, 1, 2023/02/04, 15:23:18.626, 10511212296343, vstest.console.dll, AssemblyResolver.OnResolve: Microsoft.VisualStudio.TestPlatform.Fakes: Assembly path does not exist: 'C:\Program Files\dotnet\sdk\7.0.102\Extensions\Microsoft.VisualStudio.TestPlatform.Fakes.dll', returning.
TpTrace Information: 0 : 19400, 1, 2023/02/04, 15:23:18.627, 10511212297641, vstest.console.dll, AssemblyResolver.OnResolve: Microsoft.VisualStudio.TestPlatform.Fakes: Assembly path does not exist: 'C:\Program Files\dotnet\sdk\7.0.102\Extensions\Microsoft.VisualStudio.TestPlatform.Fakes.exe', returning.
TpTrace Information: 0 : 19400, 1, 2023/02/04, 15:23:18.627, 10511212298129, vstest.console.dll, AssemblyResolver.OnResolve: Microsoft.VisualStudio.TestPlatform.Fakes: Searching in: 'C:\Program Files\dotnet\sdk\7.0.102'.
TpTrace Information: 0 : 19400, 1, 2023/02/04, 15:23:18.627, 10511212300962, vstest.console.dll, AssemblyResolver.OnResolve: Microsoft.VisualStudio.TestPlatform.Fakes: Assembly path does not exist: 'C:\Program Files\dotnet\sdk\7.0.102\Microsoft.VisualStudio.TestPlatform.Fakes.dll', returning.
TpTrace Information: 0 : 19400, 1, 2023/02/04, 15:23:18.627, 10511212303688, vstest.console.dll, AssemblyResolver.OnResolve: Microsoft.VisualStudio.TestPlatform.Fakes: Assembly path does not exist: 'C:\Program Files\dotnet\sdk\7.0.102\Microsoft.VisualStudio.TestPlatform.Fakes.exe', returning.
TpTrace Information: 0 : 19400, 1, 2023/02/04, 15:23:18.627, 10511212305172, vstest.console.dll, AssemblyResolver.OnResolve: Microsoft.VisualStudio.TestPlatform.Fakes: Failed to load assembly.
TpTrace Information: 0 : 19400, 1, 2023/02/04, 15:23:18.628, 10511212311686, vstest.console.dll, Failed to load assembly Microsoft.VisualStudio.TestPlatform.Fakes, Version=17.0.0.0, Culture=neutral. Reason:System.IO.FileNotFoundException: Could not load file or assembly 'Microsoft.VisualStudio.TestPlatform.Fakes, Version=17.0.0.0, Culture=neutral, PublicKeyToken=null'. The system cannot find the file specified.
File name: 'Microsoft.VisualStudio.TestPlatform.Fakes, Version=17.0.0.0, Culture=neutral, PublicKeyToken=null'
   at System.Reflection.RuntimeAssembly.InternalLoad(AssemblyName assemblyName, StackCrawlMark& stackMark, AssemblyLoadContext assemblyLoadContext, RuntimeAssembly requestingAssembly, Boolean throwOnFileNotFound)
   at System.Reflection.Assembly.Load(AssemblyName assemblyRef)
   at Microsoft.VisualStudio.TestPlatform.Common.Utilities.FakesUtilities.LoadTestPlatformAssembly()
TpTrace Verbose: 0 : 19400, 1, 2023/02/04, 15:23:18.638, 10511212408130, vstest.console.dll, TestPluginCache.DiscoverTestExtensions: finding test extensions in assemblies ends with: TestLogger.dll TPluginInfo: Microsoft.VisualStudio.TestPlatform.Common.ExtensionFramework.Utilities.TestLoggerPluginInformation TExtension: Microsoft.VisualStudio.TestPlatform.ObjectModel.Client.ITestLogger
TpTrace Verbose: 0 : 19400, 1, 2023/02/04, 15:23:18.638, 10511212409638, vstest.console.dll, TestPluginCache.GetExtensionPaths: Filtered extension paths: 
TpTrace Verbose: 0 : 19400, 1, 2023/02/04, 15:23:18.638, 10511212410238, vstest.console.dll, TestPluginCache.GetExtensionPaths: Added default extension paths: C:\Program Files\dotnet\sdk\7.0.102\Extensions\Microsoft.Diagnostics.NETCore.Client.dll
C:\Program Files\dotnet\sdk\7.0.102\Extensions\Microsoft.TestPlatform.Extensions.BlameDataCollector.dll
C:\Program Files\dotnet\sdk\7.0.102\Extensions\Microsoft.TestPlatform.Extensions.EventLogCollector.dll
C:\Program Files\dotnet\sdk\7.0.102\Extensions\Microsoft.TestPlatform.TestHostRuntimeProvider.dll
C:\Program Files\dotnet\sdk\7.0.102\Extensions\Microsoft.VisualStudio.TestPlatform.Extensions.Html.TestLogger.dll
C:\Program Files\dotnet\sdk\7.0.102\Extensions\Microsoft.VisualStudio.TestPlatform.Extensions.Trx.TestLogger.dll
TpTrace Verbose: 0 : 19400, 1, 2023/02/04, 15:23:18.638, 10511212410753, vstest.console.dll, TestPluginCache.GetExtensionPaths: Added unfilterableExtensionPaths: 
TpTrace Information: 0 : 19400, 1, 2023/02/04, 15:23:18.638, 10511212412854, vstest.console.dll, AssemblyResolver.AddSearchDirectories: Adding more searchDirectories C:\Program Files\dotnet\sdk\7.0.102\Extensions,C:\Program Files\dotnet\sdk\7.0.102
TpTrace Verbose: 0 : 19400, 1, 2023/02/04, 15:23:18.638, 10511212413502, vstest.console.dll, TestPluginCache.DiscoverTestExtensions: Discovering the extensions using extension path.
TpTrace Verbose: 0 : 19400, 1, 2023/02/04, 15:23:18.638, 10511212413988, vstest.console.dll, TestPluginCache.GetExtensionPaths: Filtered extension paths: 
TpTrace Verbose: 0 : 19400, 1, 2023/02/04, 15:23:18.638, 10511212414436, vstest.console.dll, TestPluginCache.GetExtensionPaths: Added default extension paths: C:\Program Files\dotnet\sdk\7.0.102\Extensions\Microsoft.Diagnostics.NETCore.Client.dll
C:\Program Files\dotnet\sdk\7.0.102\Extensions\Microsoft.TestPlatform.Extensions.BlameDataCollector.dll
C:\Program Files\dotnet\sdk\7.0.102\Extensions\Microsoft.TestPlatform.Extensions.EventLogCollector.dll
C:\Program Files\dotnet\sdk\7.0.102\Extensions\Microsoft.TestPlatform.TestHostRuntimeProvider.dll
C:\Program Files\dotnet\sdk\7.0.102\Extensions\Microsoft.VisualStudio.TestPlatform.Extensions.Html.TestLogger.dll
C:\Program Files\dotnet\sdk\7.0.102\Extensions\Microsoft.VisualStudio.TestPlatform.Extensions.Trx.TestLogger.dll
TpTrace Verbose: 0 : 19400, 1, 2023/02/04, 15:23:18.638, 10511212414861, vstest.console.dll, TestPluginCache.GetExtensionPaths: Added unfilterableExtensionPaths: 
TpTrace Verbose: 0 : 19400, 1, 2023/02/04, 15:23:18.638, 10511212415288, vstest.console.dll, TestPluginCache.DiscoverTestExtensions: Discovering the extensions using allExtensionPaths: C:\Program Files\dotnet\sdk\7.0.102\Extensions\Microsoft.Diagnostics.NETCore.Client.dll
C:\Program Files\dotnet\sdk\7.0.102\Extensions\Microsoft.TestPlatform.Extensions.BlameDataCollector.dll
C:\Program Files\dotnet\sdk\7.0.102\Extensions\Microsoft.TestPlatform.Extensions.EventLogCollector.dll
C:\Program Files\dotnet\sdk\7.0.102\Extensions\Microsoft.TestPlatform.TestHostRuntimeProvider.dll
C:\Program Files\dotnet\sdk\7.0.102\Extensions\Microsoft.VisualStudio.TestPlatform.Extensions.Html.TestLogger.dll
C:\Program Files\dotnet\sdk\7.0.102\Extensions\Microsoft.VisualStudio.TestPlatform.Extensions.Trx.TestLogger.dll
TpTrace Information: 0 : 19400, 1, 2023/02/04, 15:23:18.639, 10511212416634, vstest.console.dll, AssemblyResolver.AddSearchDirectories: Adding more searchDirectories C:\Program Files\dotnet\sdk\7.0.102\Extensions,C:\Program Files\dotnet\sdk\7.0.102
TpTrace Information: 0 : 19400, 1, 2023/02/04, 15:23:18.639, 10511212417557, vstest.console.dll, AssemblyResolver.AddSearchDirectories: Adding more searchDirectories C:\Program Files\dotnet\sdk\7.0.102\Extensions,C:\Program Files\dotnet\sdk\7.0.102
TpTrace Information: 0 : 19400, 1, 2023/02/04, 15:23:18.639, 10511212418352, vstest.console.dll, AssemblyResolver.AddSearchDirectories: Adding more searchDirectories C:\Program Files\dotnet\sdk\7.0.102\Extensions,C:\Program Files\dotnet\sdk\7.0.102
TpTrace Information: 0 : 19400, 1, 2023/02/04, 15:23:18.639, 10511212418937, vstest.console.dll, AssemblyResolver.AddSearchDirectories: Adding more searchDirectories C:\Program Files\dotnet\sdk\7.0.102\Extensions,C:\Program Files\dotnet\sdk\7.0.102
TpTrace Information: 0 : 19400, 1, 2023/02/04, 15:23:18.639, 10511212419675, vstest.console.dll, AssemblyResolver.AddSearchDirectories: Adding more searchDirectories C:\Program Files\dotnet\sdk\7.0.102\Extensions,C:\Program Files\dotnet\sdk\7.0.102
TpTrace Information: 0 : 19400, 1, 2023/02/04, 15:23:18.639, 10511212420279, vstest.console.dll, AssemblyResolver.AddSearchDirectories: Adding more searchDirectories C:\Program Files\dotnet\sdk\7.0.102\Extensions,C:\Program Files\dotnet\sdk\7.0.102
TpTrace Verbose: 0 : 19400, 1, 2023/02/04, 15:23:18.639, 10511212422309, vstest.console.dll, MetadataReaderExtensionsHelper: Discovering extensions inside assembly 'Microsoft.Diagnostics.NETCore.Client, Version=0.2.6.42401, Culture=neutral, PublicKeyToken=31bf3856ad364e35' file path 'C:\Program Files\dotnet\sdk\7.0.102\Extensions\Microsoft.Diagnostics.NETCore.Client.dll'
TpTrace Information: 0 : 19400, 1, 2023/02/04, 15:23:18.640, 10511212429116, vstest.console.dll, AssemblyResolver.OnResolve: Microsoft.Bcl.AsyncInterfaces: Resolving assembly.
TpTrace Information: 0 : 19400, 1, 2023/02/04, 15:23:18.640, 10511212429987, vstest.console.dll, AssemblyResolver.OnResolve: Microsoft.Bcl.AsyncInterfaces: Resolved from cache.
TpTrace Verbose: 0 : 19400, 1, 2023/02/04, 15:23:18.640, 10511212430424, vstest.console.dll, CurrentDomainAssemblyResolve: Resolving assembly 'Microsoft.Bcl.AsyncInterfaces'.
TpTrace Information: 0 : 19400, 1, 2023/02/04, 15:23:18.640, 10511212431081, vstest.console.dll, AssemblyResolver.OnResolve: Microsoft.Bcl.AsyncInterfaces: Resolving assembly.
TpTrace Information: 0 : 19400, 1, 2023/02/04, 15:23:18.640, 10511212431529, vstest.console.dll, AssemblyResolver.OnResolve: Microsoft.Bcl.AsyncInterfaces: Resolved from cache.
TpTrace Verbose: 0 : 19400, 1, 2023/02/04, 15:23:18.640, 10511212431933, vstest.console.dll, CurrentDomainAssemblyResolve: Resolving assembly 'Microsoft.Bcl.AsyncInterfaces'.
TpTrace Verbose: 0 : 19400, 1, 2023/02/04, 15:23:18.640, 10511212432346, vstest.console.dll, CurrentDomainAssemblyResolve: Failed to resolve assembly 'Microsoft.Bcl.AsyncInterfaces'.
TpTrace Verbose: 0 : 19400, 1, 2023/02/04, 15:23:18.640, 10511212434211, vstest.console.dll, CurrentDomainAssemblyResolve: Failed to resolve assembly 'Microsoft.Bcl.AsyncInterfaces'.
TpTrace Warning: 0 : 19400, 1, 2023/02/04, 15:23:18.641, 10511212440078, vstest.console.dll, TestPluginDiscoverer: Failed to get types from assembly 'Microsoft.Diagnostics.NETCore.Client, Version=0.2.6.42401, Culture=neutral, PublicKeyToken=31bf3856ad364e35'. Error: System.Reflection.ReflectionTypeLoadException: Unable to load one or more of the requested types.
Could not load file or assembly 'Microsoft.Bcl.AsyncInterfaces, Version=1.0.0.0, Culture=neutral, PublicKeyToken=cc7b13ffcd2ddd51'. The system cannot find the file specified.
   at System.Reflection.RuntimeModule.GetTypes(RuntimeModule module)
   at System.Reflection.Assembly.GetTypes()
   at Microsoft.VisualStudio.TestPlatform.Common.ExtensionFramework.TestPluginDiscoverer.GetTestExtensionsFromAssembly[TPluginInfo,TExtension](Assembly assembly, Dictionary`2 pluginInfos, String filePath)
System.IO.FileNotFoundException: Could not load file or assembly 'Microsoft.Bcl.AsyncInterfaces, Version=1.0.0.0, Culture=neutral, PublicKeyToken=cc7b13ffcd2ddd51'. The system cannot find the file specified.
File name: 'Microsoft.Bcl.AsyncInterfaces, Version=1.0.0.0, Culture=neutral, PublicKeyToken=cc7b13ffcd2ddd51'
 ---> System.IO.FileNotFoundException: Could not load file or assembly 'Microsoft.Bcl.AsyncInterfaces, Culture=neutral, PublicKeyToken=null'. The system cannot find the file specified.
File name: 'Microsoft.Bcl.AsyncInterfaces, Culture=neutral, PublicKeyToken=null'
   at System.Reflection.RuntimeAssembly.InternalLoad(AssemblyName assemblyName, StackCrawlMark& stackMark, AssemblyLoadContext assemblyLoadContext, RuntimeAssembly requestingAssembly, Boolean throwOnFileNotFound)
   at System.Reflection.Assembly.Load(AssemblyName assemblyRef)
   at Microsoft.VisualStudio.TestPlatform.Common.ExtensionFramework.TestPluginCache.CurrentDomainAssemblyResolve(Object sender, AssemblyResolveEventArgs args)
   at System.Runtime.Loader.AssemblyLoadContext.GetFirstResolvedAssemblyFromResolvingEvent(AssemblyName assemblyName)
   at System.Runtime.Loader.AssemblyLoadContext.ResolveUsingEvent(AssemblyName assemblyName)
   at System.Runtime.Loader.AssemblyLoadContext.ResolveUsingResolvingEvent(IntPtr gchManagedAssemblyLoadContext, AssemblyName assemblyName)
TpTrace Warning: 0 : 19400, 1, 2023/02/04, 15:23:18.641, 10511212443736, vstest.console.dll, LoaderExceptions: System.IO.FileNotFoundException: Could not load file or assembly 'Microsoft.Bcl.AsyncInterfaces, Version=1.0.0.0, Culture=neutral, PublicKeyToken=cc7b13ffcd2ddd51'. The system cannot find the file specified.
File name: 'Microsoft.Bcl.AsyncInterfaces, Version=1.0.0.0, Culture=neutral, PublicKeyToken=cc7b13ffcd2ddd51'
 ---> System.IO.FileNotFoundException: Could not load file or assembly 'Microsoft.Bcl.AsyncInterfaces, Culture=neutral, PublicKeyToken=null'. The system cannot find the file specified.
File name: 'Microsoft.Bcl.AsyncInterfaces, Culture=neutral, PublicKeyToken=null'
   at System.Reflection.RuntimeAssembly.InternalLoad(AssemblyName assemblyName, StackCrawlMark& stackMark, AssemblyLoadContext assemblyLoadContext, RuntimeAssembly requestingAssembly, Boolean throwOnFileNotFound)
   at System.Reflection.Assembly.Load(AssemblyName assemblyRef)
   at Microsoft.VisualStudio.TestPlatform.Common.ExtensionFramework.TestPluginCache.CurrentDomainAssemblyResolve(Object sender, AssemblyResolveEventArgs args)
   at System.Runtime.Loader.AssemblyLoadContext.GetFirstResolvedAssemblyFromResolvingEvent(AssemblyName assemblyName)
   at System.Runtime.Loader.AssemblyLoadContext.ResolveUsingEvent(AssemblyName assemblyName)
   at System.Runtime.Loader.AssemblyLoadContext.ResolveUsingResolvingEvent(IntPtr gchManagedAssemblyLoadContext, AssemblyName assemblyName)
TpTrace Verbose: 0 : 19400, 1, 2023/02/04, 15:23:18.641, 10511212445511, vstest.console.dll, MetadataReaderExtensionsHelper: Discovering extensions inside assembly 'Microsoft.TestPlatform.Extensions.BlameDataCollector, Version=15.0.0.0, Culture=neutral, PublicKeyToken=b03f5f7f11d50a3a' file path 'C:\Program Files\dotnet\sdk\7.0.102\Extensions\Microsoft.TestPlatform.Extensions.BlameDataCollector.dll'
TpTrace Information: 0 : 19400, 1, 2023/02/04, 15:23:18.642, 10511212453079, vstest.console.dll, GetTestExtensionFromType: Register extension with identifier data 'logger://Microsoft/TestPlatform/Extensions/Blame/v1' and type 'Microsoft.TestPlatform.Extensions.BlameDataCollector.BlameLogger, Microsoft.TestPlatform.Extensions.BlameDataCollector, Version=15.0.0.0, Culture=neutral, PublicKeyToken=b03f5f7f11d50a3a' inside file 'C:\Program Files\dotnet\sdk\7.0.102\Extensions\Microsoft.TestPlatform.Extensions.BlameDataCollector.dll'
TpTrace Verbose: 0 : 19400, 1, 2023/02/04, 15:23:18.642, 10511212454188, vstest.console.dll, MetadataReaderExtensionsHelper: Discovering extensions inside assembly 'Microsoft.TestPlatform.Extensions.EventLogCollector, Version=15.0.0.0, Culture=neutral, PublicKeyToken=b03f5f7f11d50a3a' file path 'C:\Program Files\dotnet\sdk\7.0.102\Extensions\Microsoft.TestPlatform.Extensions.EventLogCollector.dll'
TpTrace Verbose: 0 : 19400, 1, 2023/02/04, 15:23:18.643, 10511212459228, vstest.console.dll, MetadataReaderExtensionsHelper: Discovering extensions inside assembly 'Microsoft.TestPlatform.TestHostRuntimeProvider, Version=15.0.0.0, Culture=neutral, PublicKeyToken=b03f5f7f11d50a3a' file path 'C:\Program Files\dotnet\sdk\7.0.102\Extensions\Microsoft.TestPlatform.TestHostRuntimeProvider.dll'
TpTrace Verbose: 0 : 19400, 1, 2023/02/04, 15:23:18.644, 10511212467427, vstest.console.dll, MetadataReaderExtensionsHelper: Discovering extensions inside assembly 'Microsoft.VisualStudio.TestPlatform.Extensions.Html.TestLogger, Version=15.0.0.0, Culture=neutral, PublicKeyToken=b03f5f7f11d50a3a' file path 'C:\Program Files\dotnet\sdk\7.0.102\Extensions\Microsoft.VisualStudio.TestPlatform.Extensions.Html.TestLogger.dll'
TpTrace Information: 0 : 19400, 1, 2023/02/04, 15:23:18.644, 10511212475134, vstest.console.dll, GetTestExtensionFromType: Register extension with identifier data 'logger://Microsoft/TestPlatform/HtmlLogger/v1' and type 'Microsoft.VisualStudio.TestPlatform.Extensions.HtmlLogger.HtmlLogger, Microsoft.VisualStudio.TestPlatform.Extensions.Html.TestLogger, Version=15.0.0.0, Culture=neutral, PublicKeyToken=b03f5f7f11d50a3a' inside file 'C:\Program Files\dotnet\sdk\7.0.102\Extensions\Microsoft.VisualStudio.TestPlatform.Extensions.Html.TestLogger.dll'
TpTrace Verbose: 0 : 19400, 1, 2023/02/04, 15:23:18.645, 10511212476616, vstest.console.dll, MetadataReaderExtensionsHelper: Discovering extensions inside assembly 'Microsoft.VisualStudio.TestPlatform.Extensions.Trx.TestLogger, Version=15.0.0.0, Culture=neutral, PublicKeyToken=b03f5f7f11d50a3a' file path 'C:\Program Files\dotnet\sdk\7.0.102\Extensions\Microsoft.VisualStudio.TestPlatform.Extensions.Trx.TestLogger.dll'
TpTrace Information: 0 : 19400, 1, 2023/02/04, 15:23:18.645, 10511212485525, vstest.console.dll, GetTestExtensionFromType: Register extension with identifier data 'logger://Microsoft/TestPlatform/TrxLogger/v1' and type 'Microsoft.VisualStudio.TestPlatform.Extensions.TrxLogger.TrxLogger, Microsoft.VisualStudio.TestPlatform.Extensions.Trx.TestLogger, Version=15.0.0.0, Culture=neutral, PublicKeyToken=b03f5f7f11d50a3a' inside file 'C:\Program Files\dotnet\sdk\7.0.102\Extensions\Microsoft.VisualStudio.TestPlatform.Extensions.Trx.TestLogger.dll'
TpTrace Verbose: 0 : 19400, 1, 2023/02/04, 15:23:18.646, 10511212488038, vstest.console.dll, TestPluginCache: Discovered the extensions using extension path ''.
TpTrace Verbose: 0 : 19400, 1, 2023/02/04, 15:23:18.646, 10511212488829, vstest.console.dll, TestPluginCache: Discoverers are ''.
TpTrace Verbose: 0 : 19400, 1, 2023/02/04, 15:23:18.646, 10511212489255, vstest.console.dll, TestPluginCache: Executors are ''.
TpTrace Verbose: 0 : 19400, 1, 2023/02/04, 15:23:18.646, 10511212489636, vstest.console.dll, TestPluginCache: Executors2 are ''.
TpTrace Verbose: 0 : 19400, 1, 2023/02/04, 15:23:18.646, 10511212490001, vstest.console.dll, TestPluginCache: Setting providers are ''.
TpTrace Verbose: 0 : 19400, 1, 2023/02/04, 15:23:18.646, 10511212490982, vstest.console.dll, TestPluginCache: Loggers are 'logger://Microsoft/TestPlatform/Extensions/Blame/v1,logger://Microsoft/TestPlatform/HtmlLogger/v1,logger://Microsoft/TestPlatform/TrxLogger/v1'.
TpTrace Verbose: 0 : 19400, 1, 2023/02/04, 15:23:18.646, 10511212491650, vstest.console.dll, TestPluginCache: TestHosts are 'HostProvider://DefaultTestHost,HostProvider://DotnetTestHost'.
TpTrace Verbose: 0 : 19400, 1, 2023/02/04, 15:23:18.646, 10511212492167, vstest.console.dll, TestPluginCache: DataCollectors are ''.
TpTrace Information: 0 : 19400, 1, 2023/02/04, 15:23:18.647, 10511212503060, vstest.console.dll, TestPluginManager.CreateTestExtension: Attempting to load test extension: Microsoft.TestPlatform.Extensions.BlameDataCollector.BlameLogger
TpTrace Verbose: 0 : 19400, 1, 2023/02/04, 15:23:18.658, 10511212615641, vstest.console.dll, TestEngine: Initializing Parallel Execution as MaxCpuCount is set to: 1
TpTrace Information: 0 : 19400, 1, 2023/02/04, 15:23:18.661, 10511212639691, vstest.console.dll, TestPluginManager.CreateTestExtension: Attempting to load test extension: Microsoft.VisualStudio.TestPlatform.CrossPlatEngine.Hosting.DefaultTestHostManager
TpTrace Information: 0 : 19400, 1, 2023/02/04, 15:23:18.663, 10511212666139, vstest.console.dll, TestPluginManager.CreateTestExtension: Attempting to load test extension: Microsoft.VisualStudio.TestPlatform.CrossPlatEngine.Hosting.DotnetTestHostManager
TpTrace Information: 0 : 19400, 1, 2023/02/04, 15:23:18.665, 10511212678642, vstest.console.dll, InferRunSettingsHelper.IsTestSettingsEnabled: Unable to navigate to RunSettings/MSTest. Current node: RunSettings
TpTrace Verbose: 0 : 19400, 1, 2023/02/04, 15:23:18.670, 10511212729955, vstest.console.dll, TestEngine.GetExecutionManager: Chosen execution manager 'Microsoft.VisualStudio.TestPlatform.CrossPlatEngine.Client.Parallel.ParallelProxyExecutionManager, Microsoft.TestPlatform.CrossPlatEngine, Version=15.0.0.0, Culture=neutral, PublicKeyToken=b03f5f7f11d50a3a' ParallelLevel '1'.
TpTrace Verbose: 0 : 19400, 1, 2023/02/04, 15:23:18.670, 10511212732146, vstest.console.dll, TestRunRequest.ExecuteAsync: Creating test run request.
TpTrace Verbose: 0 : 19400, 1, 2023/02/04, 15:23:18.670, 10511212734866, vstest.console.dll, TestRunRequest.ExecuteAsync: Starting.
TpTrace Information: 0 : 19400, 1, 2023/02/04, 15:23:18.671, 10511212737857, vstest.console.dll, TestRunRequest.ExecuteAsync: Starting run with settings:TestRunCriteria:
   KeepAlive=False,FrequencyOfRunStatsChangeEvent=10,RunStatsChangeEventTimeout=00:00:01.5000000,TestCaseFilter=,TestExecutorLauncher=
   Settingsxml=<RunSettings>
  <RunConfiguration>
    <ResultsDirectory>C:\Users\Elitsa\source\repos\QA_Automation_Back-End\NUnit-Collection-Sample\Collection.UnitTests\bin\Debug\net6.0\fine-code-coverage\coverage-tool-output</ResultsDirectory>
    <TargetPlatform>X64</TargetPlatform>
    <TargetFrameworkVersion>.NETCoreApp,Version=v6.0</TargetFrameworkVersion>
    <DesignMode>False</DesignMode>
    <CollectSourceInformation>False</CollectSourceInformation>
  </RunConfiguration>
  <LoggerRunSettings>
    <Loggers>
      <Logger friendlyName="blame" enabled="True" />
      <Logger friendlyName="Console" uri="logger://microsoft/TestPlatform/ConsoleLogger/v1" assemblyQualifiedName="Microsoft.VisualStudio.TestPlatform.CommandLine.Internal.ConsoleLogger, vstest.console, Version=15.0.0.0, Culture=neutral, PublicKeyToken=b03f5f7f11d50a3a" codeBase="C:\Program Files\dotnet\sdk\7.0.102\vstest.console.dll" enabled="True" />
    </Loggers>
  </LoggerRunSettings>
  <DataCollectionRunSettings>
    <DataCollectors>
      <DataCollector friendlyName="blame" enabled="True">
        <Configuration>
          <ResultsDirectory>C:\Users\Elitsa\source\repos\QA_Automation_Back-End\NUnit-Collection-Sample\Collection.UnitTests\bin\Debug\net6.0\fine-code-coverage\coverage-tool-output</ResultsDirectory>
        </Configuration>
      </DataCollector>
    </DataCollectors>
  </DataCollectionRunSettings>
</RunSettings>

TpTrace Verbose: 0 : 19400, 1, 2023/02/04, 15:23:18.671, 10511212738777, vstest.console.dll, TestRunRequest.ExecuteAsync: Wait for the first run request is over.
TpTrace Verbose: 0 : 19400, 4, 2023/02/04, 15:23:18.672, 10511212747685, vstest.console.dll, MulticastDelegateUtilities.SafeInvoke: InternalTestLoggerEvents.SendTestRunStart: Invoking callback 1/1 for Microsoft.VisualStudio.TestPlatform.CommandLine.Internal.ConsoleLogger., took 0 ms.
TpTrace Verbose: 0 : 19400, 1, 2023/02/04, 15:23:18.672, 10511212749394, vstest.console.dll, MulticastDelegateUtilities.SafeInvoke: TestRun.TestRunStart: Invoking callbacks was skipped because there are no subscribers.
TpTrace Verbose: 0 : 19400, 1, 2023/02/04, 15:23:18.673, 10511212765333, vstest.console.dll, ParallelProxyExecutionManager: Start execution. Total sources: 1
TpTrace Verbose: 0 : 19400, 1, 2023/02/04, 15:23:18.676, 10511212787671, vstest.console.dll, TestRequestSender is acting as server.
TpTrace Verbose: 0 : 19400, 1, 2023/02/04, 15:23:18.677, 10511212803584, vstest.console.dll, DataCollectionRequestSender.InitializeCommunication : Initialize communication. 
TpTrace Information: 0 : 19400, 1, 2023/02/04, 15:23:18.684, 10511212871855, vstest.console.dll, Listening on Endpoint : 127.0.0.1:61704
TpTrace Verbose: 0 : 19400, 1, 2023/02/04, 15:23:18.693, 10511212959970, vstest.console.dll, DotnetDataCollectionLauncher: Adding  --runtimeconfig "C:\Program Files\dotnet\sdk\7.0.102\datacollector.runtimeconfig.json" in args
TpTrace Verbose: 0 : 19400, 1, 2023/02/04, 15:23:18.693, 10511212962364, vstest.console.dll, DotnetDataCollectionLauncher: Adding  --depsfile "C:\Program Files\dotnet\sdk\7.0.102\datacollector.deps.json" in args
TpTrace Verbose: 0 : 19400, 1, 2023/02/04, 15:23:18.693, 10511212965162, vstest.console.dll, DotnetDataCollectionLauncher: Full path of dotnet.exe is C:\Program Files\dotnet\dotnet.exe
TpTrace Information: 0 : 19400, 1, 2023/02/04, 15:23:18.703, 10511213062093, vstest.console.dll, ProxyDataCollectionManager.Initialize: Launched datacollector processId: 2624 port: 61704
TpTrace Information: 0 : 19400, 1, 2023/02/04, 15:23:18.703, 10511213065406, vstest.console.dll, ProxyDataCollectionManager.Initialize: waiting for connection with timeout: 90 seconds
TpTrace Verbose: 0 : 19400, 1, 2023/02/04, 15:23:18.704, 10511213067769, vstest.console.dll, DataCollectionRequestSender.WaitForRequestHandlerConnection : Waiting for connection with timeout: 90000
TpTrace Verbose: 0 : 19400, 1, 2023/02/04, 15:23:18.947, 10511215503394, vstest.console.dll, SocketCommunicationManager.WaitForClientConnection took: 243 ms, with 90000 ms timeout, and finished with True.
TpTrace Information: 0 : 19400, 9, 2023/02/04, 15:23:18.947, 10511215503306, vstest.console.dll, Using the buffer size of 16384 bytes
TpTrace Information: 0 : 19400, 9, 2023/02/04, 15:23:18.947, 10511215505899, vstest.console.dll, Accepted Client request and set the flag
TpTrace Verbose: 0 : 19400, 1, 2023/02/04, 15:23:18.947, 10511215505899, vstest.console.dll, ProxyDataCollectionManager.InvokeDataCollectionServiceAction: Starting.
TpTrace Information: 0 : 19400, 1, 2023/02/04, 15:23:18.948, 10511215508579, vstest.console.dll, ProxyDataCollectionManager.BeforeTestRunStart: Get environment variable and port for datacollector processId: 2624 port: 61704
TpTrace Verbose: 0 : 19400, 1, 2023/02/04, 15:23:18.948, 10511215510348, vstest.console.dll, DataCollectionRequestSender.SendBeforeTestRunStartAndGetResult: Send BeforeTestRunStart message with settingsXml <RunSettings><RunConfiguration><ResultsDirectory>C:\Users\Elitsa\source\repos\QA_Automation_Back-End\NUnit-Collection-Sample\Collection.UnitTests\bin\Debug\net6.0\fine-code-coverage\coverage-tool-output</ResultsDirectory><TargetPlatform>X64</TargetPlatform><TargetFrameworkVersion>.NETCoreApp,Version=v6.0</TargetFrameworkVersion><DesignMode>False</DesignMode><CollectSourceInformation>False</CollectSourceInformation><TestAdaptersPaths>C:\Program Files\dotnet\sdk\7.0.102\Extensions</TestAdaptersPaths></RunConfiguration><LoggerRunSettings><Loggers><Logger friendlyName="blame" enabled="True" /><Logger friendlyName="Console" uri="logger://microsoft/TestPlatform/ConsoleLogger/v1" assemblyQualifiedName="Microsoft.VisualStudio.TestPlatform.CommandLine.Internal.ConsoleLogger, vstest.console, Version=15.0.0.0, Culture=neutral, PublicKeyToken=b03f5f7f11d50a3a" codeBase="C:\Program Files\dotnet\sdk\7.0.102\vstest.console.dll" enabled="True" /></Loggers></LoggerRunSettings><DataCollectionRunSettings><DataCollectors><DataCollector friendlyName="blame" enabled="True"><Configuration><ResultsDirectory>C:\Users\Elitsa\source\repos\QA_Automation_Back-End\NUnit-Collection-Sample\Collection.UnitTests\bin\Debug\net6.0\fine-code-coverage\coverage-tool-output</ResultsDirectory></Configuration></DataCollector></DataCollectors></DataCollectionRunSettings></RunSettings> and sources System.Collections.Generic.List`1[System.String]: 
TpTrace Verbose: 0 : 19400, 1, 2023/02/04, 15:23:19.090, 10511216932785, vstest.console.dll, DataCollectionRequestSender.SendBeforeTestRunStartAndGetResult: Received message: (DataCollection.SendMessage) -> {"MessageType":"DataCollection.SendMessage","Payload":{"FriendlyName":null,"Uri":null,"TestCaseId":"00000000-0000-0000-0000-000000000000","Message":"Logging DataCollector Diagnostics in file: C:\\Users\\Elitsa\\source\\repos\\QA_Automation_Back-End\\NUnit-Collection-Sample\\Collection.UnitTests\\bin\\Debug\\net6.0\\fine-code-coverage\\coverage-tool-output\\diagnostics.datacollector.23-02-04_15-23-18_69290_1.log","Level":0}}
TpTrace Verbose: 0 : 19400, 1, 2023/02/04, 15:23:19.244, 10511218470762, vstest.console.dll, DataCollectionRequestSender.SendBeforeTestRunStartAndGetResult: Received message: (DataCollection.BeforeTestRunStartResult) -> {"MessageType":"DataCollection.BeforeTestRunStartResult","Payload":{"EnvironmentVariables":{},"DataCollectionEventsPort":61706}}
TpTrace Information: 0 : 19400, 1, 2023/02/04, 15:23:19.255, 10511218585130, vstest.console.dll, ProxyDataCollectionManager.BeforeTestRunStart: SendBeforeTestRunStartAndGetResult successful, env variable from datacollector:   and testhost port: 61706
TpTrace Information: 0 : 19400, 1, 2023/02/04, 15:23:19.256, 10511218586750, vstest.console.dll, ProxyDataCollectionManager.InvokeDataCollectionServiceAction: Completed.
TpTrace Verbose: 0 : 19400, 1, 2023/02/04, 15:23:19.256, 10511218589795, vstest.console.dll, ProxyParallelExecutionManager: No sources available for execution.
TpTrace Information: 0 : 19400, 1, 2023/02/04, 15:23:19.256, 10511218591057, vstest.console.dll, TestRunRequest.ExecuteAsync: Started.
TpTrace Verbose: 0 : 19400, 1, 2023/02/04, 15:23:19.256, 10511218592825, vstest.console.dll, TestRunRequest.WaitForCompletion: Waiting with timeout -1.
TpTrace Verbose: 0 : 19400, 9, 2023/02/04, 15:23:19.258, 10511218612212, vstest.console.dll, ParallelProxyExecutionManager: Execution started. Started clients: 1
TpTrace Verbose: 0 : 19400, 9, 2023/02/04, 15:23:19.260, 10511218626652, vstest.console.dll, TestRunRequest:SendTestRunMessage: Starting.
TpTrace Verbose: 0 : 19400, 9, 2023/02/04, 15:23:19.260, 10511218631874, vstest.console.dll, MulticastDelegateUtilities.SafeInvoke: TestRun.LogMessages: Invoking callback 1/1 for Microsoft.VisualStudio.TestPlatform.CommandLine.TestRunResultAggregator., took 0 ms.
TpTrace Information: 0 : 19400, 9, 2023/02/04, 15:23:19.260, 10511218632879, vstest.console.dll, TestRunRequest:SendTestRunMessage: Completed.
TpTrace Verbose: 0 : 19400, 4, 2023/02/04, 15:23:19.260, 10511218635414, vstest.console.dll, MulticastDelegateUtilities.SafeInvoke: InternalTestLoggerEvents.SendTestRunMessage: Invoking callback 1/1 for Microsoft.VisualStudio.TestPlatform.CommandLine.Internal.ConsoleLogger., took 0 ms.
TpTrace Verbose: 0 : 19400, 9, 2023/02/04, 15:23:19.261, 10511218638425, vstest.console.dll, ProxyExecutionManager: Test host is always Lazy initialize.
TpTrace Verbose: 0 : 19400, 9, 2023/02/04, 15:23:19.263, 10511218665218, vstest.console.dll, TestRequestSender.InitializeCommunication: initialize communication. 
TpTrace Information: 0 : 19400, 9, 2023/02/04, 15:23:19.264, 10511218675829, vstest.console.dll, SocketServer.Start: Listening on endpoint : 127.0.0.1:61707
TpTrace Verbose: 0 : 19400, 9, 2023/02/04, 15:23:19.266, 10511218692935, vstest.console.dll, DotnetTestHostmanager.GetTestHostProcessStartInfo: Platform environment 'X64' target architecture 'X64' framework '.NETCoreApp,Version=v6.0' OS 'Windows'
TpTrace Verbose: 0 : 19400, 9, 2023/02/04, 15:23:19.267, 10511218701297, vstest.console.dll, DotnetTestHostmanager: Adding  --runtimeconfig "C:\Users\Elitsa\source\repos\QA_Automation_Back-End\NUnit-Collection-Sample\Collection.UnitTests\bin\Debug\net6.0\fine-code-coverage\build-output\Collection.UnitTests.runtimeconfig.json" in args
TpTrace Verbose: 0 : 19400, 9, 2023/02/04, 15:23:19.267, 10511218704082, vstest.console.dll, DotnetTestHostmanager: Adding  --depsfile "C:\Users\Elitsa\source\repos\QA_Automation_Back-End\NUnit-Collection-Sample\Collection.UnitTests\bin\Debug\net6.0\fine-code-coverage\build-output\Collection.UnitTests.deps.json" in args
TpTrace Verbose: 0 : 19400, 9, 2023/02/04, 15:23:19.268, 10511218707369, vstest.console.dll, DotnetTestHostmanager.IsWinOnArm: Current PROCESSOR_ARCHITECTURE from environment variable 'AMD64'
TpTrace Verbose: 0 : 19400, 9, 2023/02/04, 15:23:19.268, 10511218708740, vstest.console.dll, DotnetTestHostmanager.IsWinOnArm: Is Windows on ARM 'False'
TpTrace Verbose: 0 : 19400, 9, 2023/02/04, 15:23:19.268, 10511218710840, vstest.console.dll, DotnetTestHostManager: testhost.exe found at path: C:\Users\Elitsa\source\repos\QA_Automation_Back-End\NUnit-Collection-Sample\Collection.UnitTests\bin\Debug\net6.0\fine-code-coverage\build-output\testhost.exe
TpTrace Verbose: 0 : 19400, 9, 2023/02/04, 15:23:19.268, 10511218711882, vstest.console.dll, DotnetTestHostmanager: Full path of host exe is C:\Users\Elitsa\source\repos\QA_Automation_Back-End\NUnit-Collection-Sample\Collection.UnitTests\bin\Debug\net6.0\fine-code-coverage\build-output\testhost.exe
TpTrace Verbose: 0 : 19400, 9, 2023/02/04, 15:23:19.268, 10511218716153, vstest.console.dll, DotnetTestHostmanager.LaunchTestHostAsync: Found 'VSTEST_WINAPPHOST_DOTNET_ROOT' in env variables, value 'C:\Program Files\dotnet', forwarding to 'DOTNET_ROOT'
TpTrace Verbose: 0 : 19400, 9, 2023/02/04, 15:23:19.269, 10511218722043, vstest.console.dll, DotnetTestHostManager: Starting process 'C:\Users\Elitsa\source\repos\QA_Automation_Back-End\NUnit-Collection-Sample\Collection.UnitTests\bin\Debug\net6.0\fine-code-coverage\build-output\testhost.exe' with command line ' --runtimeconfig "C:\Users\Elitsa\source\repos\QA_Automation_Back-End\NUnit-Collection-Sample\Collection.UnitTests\bin\Debug\net6.0\fine-code-coverage\build-output\Collection.UnitTests.runtimeconfig.json" --depsfile "C:\Users\Elitsa\source\repos\QA_Automation_Back-End\NUnit-Collection-Sample\Collection.UnitTests\bin\Debug\net6.0\fine-code-coverage\build-output\Collection.UnitTests.deps.json" --port 61707 --endpoint 127.0.0.1:061707 --role client --parentprocessid 19400 --diag "C:\Users\Elitsa\source\repos\QA_Automation_Back-End\NUnit-Collection-Sample\Collection.UnitTests\bin\Debug\net6.0\fine-code-coverage\coverage-tool-output\diagnostics.host.23-02-04_15-23-19_26581_9.log" --tracelevel 4 --datacollectionport 61706 --telemetryoptedin false'
TpTrace Verbose: 0 : 19400, 9, 2023/02/04, 15:23:19.284, 10511218869979, vstest.console.dll, MulticastDelegateUtilities.SafeInvoke: HostProviderEvents.OnHostLaunched: Invoking callback 1/2 for Microsoft.VisualStudio.TestPlatform.CrossPlatEngine.Client.ProxyExecutionManagerWithDataCollection., took 2 ms.
TpTrace Verbose: 0 : 19400, 9, 2023/02/04, 15:23:19.284, 10511218876023, vstest.console.dll, Test Runtime launched
TpTrace Verbose: 0 : 19400, 9, 2023/02/04, 15:23:19.285, 10511218877603, vstest.console.dll, MulticastDelegateUtilities.SafeInvoke: HostProviderEvents.OnHostLaunched: Invoking callback 2/2 for Microsoft.VisualStudio.TestPlatform.CrossPlatEngine.Client.ProxyOperationManager., took 0 ms.
TpTrace Verbose: 0 : 19400, 9, 2023/02/04, 15:23:19.285, 10511218880646, vstest.console.dll, TestRequestSender.WaitForRequestHandlerConnection: waiting for connection with timeout: 90000.
TpTrace Verbose: 0 : 19400, 9, 2023/02/04, 15:23:19.529, 10511221319416, vstest.console.dll, TestRequestSender.WaitForRequestHandlerConnection: waiting took 243 ms, with timeout 90000 ms, and result 0, which is success.
TpTrace Verbose: 0 : 19400, 11, 2023/02/04, 15:23:19.529, 10511221319341, vstest.console.dll, MulticastDelegateUtilities.SafeInvoke: SocketServer: ClientConnected: Invoking callback 1/1 for Microsoft.VisualStudio.TestPlatform.CommunicationUtilities.TestRequestSender., took 0 ms.
TpTrace Verbose: 0 : 19400, 11, 2023/02/04, 15:23:19.529, 10511221322085, vstest.console.dll, SocketServer.OnClientConnected: Client connected for endPoint: 127.0.0.1:61707, starting MessageLoopAsync:
TpTrace Verbose: 0 : 19400, 11, 2023/02/04, 15:23:19.529, 10511221325269, vstest.console.dll, TcpClientExtensions.MessageLoopAsync: Polling on remoteEndPoint: 127.0.0.1:61708 localEndPoint: 127.0.0.1:61707
TpTrace Verbose: 0 : 19400, 9, 2023/02/04, 15:23:19.531, 10511221341989, vstest.console.dll, TestRequestSender.CheckVersionWithTestHost: Sending check version message: {"MessageType":"ProtocolVersion","Payload":7}
TpTrace Verbose: 0 : 19400, 11, 2023/02/04, 15:23:19.711, 10511223140598, vstest.console.dll, TcpClientExtensions.MessageLoopAsync: NotifyDataAvailable remoteEndPoint: 127.0.0.1:61708 localEndPoint: 127.0.0.1:61707
TpTrace Verbose: 0 : 19400, 11, 2023/02/04, 15:23:19.711, 10511223144585, vstest.console.dll, TestRequestSender.CheckVersionWithTestHost: onMessageReceived received message: (ProtocolVersion) -> {"MessageType":"ProtocolVersion","Payload":7}
TpTrace Verbose: 0 : 19400, 11, 2023/02/04, 15:23:19.712, 10511223155140, vstest.console.dll, MulticastDelegateUtilities.SafeInvoke: LengthPrefixCommunicationChannel: MessageReceived: Invoking callback 1/1 for Microsoft.VisualStudio.TestPlatform.CommunicationUtilities.TestRequestSender+<>c__DisplayClass26_0., took 1 ms.
TpTrace Verbose: 0 : 19400, 9, 2023/02/04, 15:23:19.712, 10511223156111, vstest.console.dll, TestPluginCache.GetExtensionPaths: Filtered extension paths: 
TpTrace Verbose: 0 : 19400, 11, 2023/02/04, 15:23:19.713, 10511223157170, vstest.console.dll, TcpClientExtensions.MessageLoopAsync: Polling on remoteEndPoint: 127.0.0.1:61708 localEndPoint: 127.0.0.1:61707
TpTrace Verbose: 0 : 19400, 9, 2023/02/04, 15:23:19.713, 10511223158597, vstest.console.dll, TestPluginCache.GetExtensionPaths: Added default extension paths: C:\Program Files\dotnet\sdk\7.0.102\Extensions\Microsoft.Diagnostics.NETCore.Client.dll
C:\Program Files\dotnet\sdk\7.0.102\Extensions\Microsoft.TestPlatform.Extensions.BlameDataCollector.dll
C:\Program Files\dotnet\sdk\7.0.102\Extensions\Microsoft.TestPlatform.Extensions.EventLogCollector.dll
C:\Program Files\dotnet\sdk\7.0.102\Extensions\Microsoft.TestPlatform.TestHostRuntimeProvider.dll
C:\Program Files\dotnet\sdk\7.0.102\Extensions\Microsoft.VisualStudio.TestPlatform.Extensions.Html.TestLogger.dll
C:\Program Files\dotnet\sdk\7.0.102\Extensions\Microsoft.VisualStudio.TestPlatform.Extensions.Trx.TestLogger.dll
TpTrace Verbose: 0 : 19400, 9, 2023/02/04, 15:23:19.713, 10511223159433, vstest.console.dll, TestPluginCache.GetExtensionPaths: Added unfilterableExtensionPaths: 
TpTrace Verbose: 0 : 19400, 9, 2023/02/04, 15:23:19.717, 10511223206075, vstest.console.dll, TestRequestSender.InitializeExecution: Sending initialize execution with message: {"Version":7,"MessageType":"TestExecution.Initialize","Payload":["C:\\Users\\Elitsa\\source\\repos\\QA_Automation_Back-End\\NUnit-Collection-Sample\\Collection.UnitTests\\bin\\Debug\\net6.0\\fine-code-coverage\\build-output\\NUnit3.TestAdapter.dll"]}
TpTrace Warning: 0 : 19400, 9, 2023/02/04, 15:23:19.718, 10511223212597, vstest.console.dll, InferRunSettingsHelper.MakeRunsettingsCompatible: Removing the following settings: TargetPlatform from RunSettings file. To use those settings please move to latest version of Microsoft.NET.Test.Sdk
TpTrace Verbose: 0 : 19400, 11, 2023/02/04, 15:23:19.719, 10511223225724, vstest.console.dll, TcpClientExtensions.MessageLoopAsync: NotifyDataAvailable remoteEndPoint: 127.0.0.1:61708 localEndPoint: 127.0.0.1:61707
TpTrace Verbose: 0 : 19400, 11, 2023/02/04, 15:23:19.720, 10511223231592, vstest.console.dll, TestRequestSender.OnExecutionMessageReceived: Received message: {"Version":7,"MessageType":"TestSession.Message","Payload":{"MessageLevel":0,"Message":"Logging TestHost Diagnostics in file: C:\\Users\\Elitsa\\source\\repos\\QA_Automation_Back-End\\NUnit-Collection-Sample\\Collection.UnitTests\\bin\\Debug\\net6.0\\fine-code-coverage\\coverage-tool-output\\diagnostics.host.23-02-04_15-23-19_26581_9.log"}}
TpTrace Verbose: 0 : 19400, 11, 2023/02/04, 15:23:19.725, 10511223280390, vstest.console.dll, TestRunRequest:SendTestRunMessage: Starting.
TpTrace Verbose: 0 : 19400, 11, 2023/02/04, 15:23:19.725, 10511223283145, vstest.console.dll, MulticastDelegateUtilities.SafeInvoke: TestRun.LogMessages: Invoking callback 1/1 for Microsoft.VisualStudio.TestPlatform.CommandLine.TestRunResultAggregator., took 0 ms.
TpTrace Verbose: 0 : 19400, 4, 2023/02/04, 15:23:19.725, 10511223283371, vstest.console.dll, MulticastDelegateUtilities.SafeInvoke: InternalTestLoggerEvents.SendTestRunMessage: Invoking callback 1/1 for Microsoft.VisualStudio.TestPlatform.CommandLine.Internal.ConsoleLogger., took 0 ms.
TpTrace Information: 0 : 19400, 11, 2023/02/04, 15:23:19.725, 10511223284192, vstest.console.dll, TestRunRequest:SendTestRunMessage: Completed.
TpTrace Verbose: 0 : 19400, 11, 2023/02/04, 15:23:19.725, 10511223286227, vstest.console.dll, MulticastDelegateUtilities.SafeInvoke: LengthPrefixCommunicationChannel: MessageReceived: Invoking callback 1/1 for Microsoft.VisualStudio.TestPlatform.CommunicationUtilities.TestRequestSender+<>c__DisplayClass31_0., took 5 ms.
TpTrace Verbose: 0 : 19400, 11, 2023/02/04, 15:23:19.726, 10511223286998, vstest.console.dll, TcpClientExtensions.MessageLoopAsync: Polling on remoteEndPoint: 127.0.0.1:61708 localEndPoint: 127.0.0.1:61707
TpTrace Verbose: 0 : 19400, 9, 2023/02/04, 15:23:19.731, 10511223336674, vstest.console.dll, TestRequestSender.StartTestRun: Sending test run with message: {"Version":7,"MessageType":"TestExecution.StartWithSources","Payload":{"AdapterSourceMap":{"_none_":["C:\\Users\\Elitsa\\source\\repos\\QA_Automation_Back-End\\NUnit-Collection-Sample\\Collection.UnitTests\\bin\\Debug\\net6.0\\fine-code-coverage\\build-output\\Collection.UnitTests.dll"]},"RunSettings":"<RunSettings>\r\n  <RunConfiguration>\r\n    <ResultsDirectory>C:\\Users\\Elitsa\\source\\repos\\QA_Automation_Back-End\\NUnit-Collection-Sample\\Collection.UnitTests\\bin\\Debug\\net6.0\\fine-code-coverage\\coverage-tool-output</ResultsDirectory>\r\n    <TargetFrameworkVersion>.NETCoreApp,Version=v6.0</TargetFrameworkVersion>\r\n    <DesignMode>False</DesignMode>\r\n    <CollectSourceInformation>False</CollectSourceInformation>\r\n  </RunConfiguration>\r\n  <LoggerRunSettings>\r\n    <Loggers>\r\n      <Logger friendlyName=\"blame\" enabled=\"True\" />\r\n      <Logger friendlyName=\"Console\" uri=\"logger://microsoft/TestPlatform/ConsoleLogger/v1\" assemblyQualifiedName=\"Microsoft.VisualStudio.TestPlatform.CommandLine.Internal.ConsoleLogger, vstest.console, Version=15.0.0.0, Culture=neutral, PublicKeyToken=b03f5f7f11d50a3a\" codeBase=\"C:\\Program Files\\dotnet\\sdk\\7.0.102\\vstest.console.dll\" enabled=\"True\" />\r\n    </Loggers>\r\n  </LoggerRunSettings>\r\n  <DataCollectionRunSettings>\r\n    <DataCollectors>\r\n      <DataCollector friendlyName=\"blame\" enabled=\"True\">\r\n        <Configuration>\r\n          <ResultsDirectory>C:\\Users\\Elitsa\\source\\repos\\QA_Automation_Back-End\\NUnit-Collection-Sample\\Collection.UnitTests\\bin\\Debug\\net6.0\\fine-code-coverage\\coverage-tool-output</ResultsDirectory>\r\n        </Configuration>\r\n      </DataCollector>\r\n    </DataCollectors>\r\n  </DataCollectionRunSettings>\r\n</RunSettings>","TestExecutionContext":{"FrequencyOfRunStatsChangeEvent":10,"RunStatsChangeEventTimeout":"00:00:01.5000000","InIsolation":false,"KeepAlive":false,"AreTestCaseLevelEventsRequired":false,"IsDebug":false,"TestCaseFilter":null,"FilterOptions":null},"Package":null}}
TpTrace Verbose: 0 : 19400, 11, 2023/02/04, 15:23:20.083, 10511226857517, vstest.console.dll, TcpClientExtensions.MessageLoopAsync: NotifyDataAvailable remoteEndPoint: 127.0.0.1:61708 localEndPoint: 127.0.0.1:61707
TpTrace Verbose: 0 : 19400, 11, 2023/02/04, 15:23:20.083, 10511226860495, vstest.console.dll, TestRequestSender.OnExecutionMessageReceived: Received message: {"Version":7,"MessageType":"TestSession.Message","Payload":{"MessageLevel":0,"Message":"NUnit Adapter 4.2.0.0: Test execution started"}}
TpTrace Verbose: 0 : 19400, 11, 2023/02/04, 15:23:20.083, 10511226864833, vstest.console.dll, TestRunRequest:SendTestRunMessage: Starting.
TpTrace Verbose: 0 : 19400, 11, 2023/02/04, 15:23:20.083, 10511226866090, vstest.console.dll, MulticastDelegateUtilities.SafeInvoke: TestRun.LogMessages: Invoking callback 1/1 for Microsoft.VisualStudio.TestPlatform.CommandLine.TestRunResultAggregator., took 0 ms.
TpTrace Verbose: 0 : 19400, 4, 2023/02/04, 15:23:20.083, 10511226866389, vstest.console.dll, MulticastDelegateUtilities.SafeInvoke: InternalTestLoggerEvents.SendTestRunMessage: Invoking callback 1/1 for Microsoft.VisualStudio.TestPlatform.CommandLine.Internal.ConsoleLogger., took 0 ms.
TpTrace Information: 0 : 19400, 11, 2023/02/04, 15:23:20.084, 10511226866982, vstest.console.dll, TestRunRequest:SendTestRunMessage: Completed.
TpTrace Verbose: 0 : 19400, 11, 2023/02/04, 15:23:20.084, 10511226868693, vstest.console.dll, MulticastDelegateUtilities.SafeInvoke: LengthPrefixCommunicationChannel: MessageReceived: Invoking callback 1/1 for Microsoft.VisualStudio.TestPlatform.CommunicationUtilities.TestRequestSender+<>c__DisplayClass31_0., took 0 ms.
TpTrace Verbose: 0 : 19400, 11, 2023/02/04, 15:23:20.084, 10511226869556, vstest.console.dll, TcpClientExtensions.MessageLoopAsync: Polling on remoteEndPoint: 127.0.0.1:61708 localEndPoint: 127.0.0.1:61707
TpTrace Verbose: 0 : 19400, 11, 2023/02/04, 15:23:20.150, 10511227531691, vstest.console.dll, TcpClientExtensions.MessageLoopAsync: NotifyDataAvailable remoteEndPoint: 127.0.0.1:61708 localEndPoint: 127.0.0.1:61707
TpTrace Verbose: 0 : 19400, 11, 2023/02/04, 15:23:20.150, 10511227533947, vstest.console.dll, TestRequestSender.OnExecutionMessageReceived: Received message: {"Version":7,"MessageType":"TestSession.Message","Payload":{"MessageLevel":0,"Message":"Running all tests in C:\\Users\\Elitsa\\source\\repos\\QA_Automation_Back-End\\NUnit-Collection-Sample\\Collection.UnitTests\\bin\\Debug\\net6.0\\fine-code-coverage\\build-output\\Collection.UnitTests.dll"}}
TpTrace Verbose: 0 : 19400, 11, 2023/02/04, 15:23:20.150, 10511227535866, vstest.console.dll, TestRunRequest:SendTestRunMessage: Starting.
TpTrace Verbose: 0 : 19400, 11, 2023/02/04, 15:23:20.151, 10511227537010, vstest.console.dll, MulticastDelegateUtilities.SafeInvoke: TestRun.LogMessages: Invoking callback 1/1 for Microsoft.VisualStudio.TestPlatform.CommandLine.TestRunResultAggregator., took 0 ms.
TpTrace Verbose: 0 : 19400, 4, 2023/02/04, 15:23:20.151, 10511227537292, vstest.console.dll, MulticastDelegateUtilities.SafeInvoke: InternalTestLoggerEvents.SendTestRunMessage: Invoking callback 1/1 for Microsoft.VisualStudio.TestPlatform.CommandLine.Internal.ConsoleLogger., took 0 ms.
TpTrace Information: 0 : 19400, 11, 2023/02/04, 15:23:20.151, 10511227538091, vstest.console.dll, TestRunRequest:SendTestRunMessage: Completed.
TpTrace Verbose: 0 : 19400, 11, 2023/02/04, 15:23:20.151, 10511227540885, vstest.console.dll, MulticastDelegateUtilities.SafeInvoke: LengthPrefixCommunicationChannel: MessageReceived: Invoking callback 1/1 for Microsoft.VisualStudio.TestPlatform.CommunicationUtilities.TestRequestSender+<>c__DisplayClass31_0., took 0 ms.
TpTrace Verbose: 0 : 19400, 11, 2023/02/04, 15:23:20.151, 10511227541636, vstest.console.dll, TcpClientExtensions.MessageLoopAsync: Polling on remoteEndPoint: 127.0.0.1:61708 localEndPoint: 127.0.0.1:61707
TpTrace Verbose: 0 : 19400, 11, 2023/02/04, 15:23:20.826, 10511234288173, vstest.console.dll, TcpClientExtensions.MessageLoopAsync: NotifyDataAvailable remoteEndPoint: 127.0.0.1:61708 localEndPoint: 127.0.0.1:61707
TpTrace Verbose: 0 : 19400, 11, 2023/02/04, 15:23:20.826, 10511234290060, vstest.console.dll, TestRequestSender.OnExecutionMessageReceived: Received message: {"Version":7,"MessageType":"TestSession.Message","Payload":{"MessageLevel":0,"Message":"   NUnit3TestExecutor discovered 7 of 7 NUnit test cases using Current Discovery mode, Non-Explicit run"}}
TpTrace Verbose: 0 : 19400, 11, 2023/02/04, 15:23:20.826, 10511234291829, vstest.console.dll, TestRunRequest:SendTestRunMessage: Starting.
TpTrace Verbose: 0 : 19400, 11, 2023/02/04, 15:23:20.826, 10511234292822, vstest.console.dll, MulticastDelegateUtilities.SafeInvoke: TestRun.LogMessages: Invoking callback 1/1 for Microsoft.VisualStudio.TestPlatform.CommandLine.TestRunResultAggregator., took 0 ms.
TpTrace Information: 0 : 19400, 11, 2023/02/04, 15:23:20.826, 10511234293403, vstest.console.dll, TestRunRequest:SendTestRunMessage: Completed.
TpTrace Verbose: 0 : 19400, 11, 2023/02/04, 15:23:20.826, 10511234293950, vstest.console.dll, MulticastDelegateUtilities.SafeInvoke: LengthPrefixCommunicationChannel: MessageReceived: Invoking callback 1/1 for Microsoft.VisualStudio.TestPlatform.CommunicationUtilities.TestRequestSender+<>c__DisplayClass31_0., took 0 ms.
TpTrace Verbose: 0 : 19400, 11, 2023/02/04, 15:23:20.826, 10511234294516, vstest.console.dll, TcpClientExtensions.MessageLoopAsync: Polling on remoteEndPoint: 127.0.0.1:61708 localEndPoint: 127.0.0.1:61707
TpTrace Verbose: 0 : 19400, 4, 2023/02/04, 15:23:20.826, 10511234295616, vstest.console.dll, MulticastDelegateUtilities.SafeInvoke: InternalTestLoggerEvents.SendTestRunMessage: Invoking callback 1/1 for Microsoft.VisualStudio.TestPlatform.CommandLine.Internal.ConsoleLogger., took 0 ms.
TpTrace Verbose: 0 : 19400, 11, 2023/02/04, 15:23:21.437, 10511240396598, vstest.console.dll, TcpClientExtensions.MessageLoopAsync: NotifyDataAvailable remoteEndPoint: 127.0.0.1:61708 localEndPoint: 127.0.0.1:61707
TpTrace Verbose: 0 : 19400, 11, 2023/02/04, 15:23:21.437, 10511240401807, vstest.console.dll, TestRequestSender.OnExecutionMessageReceived: Received message: {"Version":7,"MessageType":"TestExecution.StatsChange","Payload":{"NewTestResults":[{"TestCase":{"Id":"5689cd7c-04c0-43c5-d5df-f21c3914bb53","FullyQualifiedName":"Collection.UnitTests.CollectionTests.Test_Collection_GetByInvalidIndex(\"\",0)","DisplayName":"Test_Collection_GetByInvalidIndex(\"\",0)","ExecutorUri":"executor://NUnit3TestExecutor","Source":"C:\\Users\\Elitsa\\source\\repos\\QA_Automation_Back-End\\NUnit-Collection-Sample\\Collection.UnitTests\\bin\\Debug\\net6.0\\fine-code-coverage\\build-output\\Collection.UnitTests.dll","CodeFilePath":null,"LineNumber":0,"Properties":[{"Key":{"Id":"NUnit.Seed","Label":"Seed","Category":"","Description":"","Attributes":0,"ValueType":"System.String"},"Value":"2093016175"}]},"Attachments":[],"Outcome":1,"ErrorMessage":null,"ErrorStackTrace":null,"DisplayName":"Test_Collection_GetByInvalidIndex(\"\",0)","Messages":[],"ComputerName":"DESKTOP-26RGN49","Duration":"00:00:00.3277320","StartTime":"2023-02-04T13:23:20.9010204+00:00","EndTime":"2023-02-04T13:23:21.2285698+00:00","Properties":[{"Key":{"Id":"NUnit.Seed","Label":"Seed","Category":"","Description":"","Attributes":0,"ValueType":"System.String"},"Value":"2093016175"}]},{"TestCase":{"Id":"a93a7070-1e46-f273-09de-b2d6628bd5e1","FullyQualifiedName":"Collection.UnitTests.CollectionTests.Test_Collection_GetByInvalidIndex(\"Peter\",-1)","DisplayName":"Test_Collection_GetByInvalidIndex(\"Peter\",-1)","ExecutorUri":"executor://NUnit3TestExecutor","Source":"C:\\Users\\Elitsa\\source\\repos\\QA_Automation_Back-End\\NUnit-Collection-Sample\\Collection.UnitTests\\bin\\Debug\\net6.0\\fine-code-coverage\\build-output\\Collection.UnitTests.dll","CodeFilePath":null,"LineNumber":0,"Properties":[{"Key":{"Id":"NUnit.Seed","Label":"Seed","Category":"","Description":"","Attributes":0,"ValueType":"System.String"},"Value":"1912900231"}]},"Attachments":[],"Outcome":1,"ErrorMessage":null,"ErrorStackTrace":null,"DisplayName":"Test_Collection_GetByInvalidIndex(\"Peter\",-1)","Messages":[],"ComputerName":"DESKTOP-26RGN49","Duration":"00:00:00.0009880","StartTime":"2023-02-04T13:23:21.2319754+00:00","EndTime":"2023-02-04T13:23:21.2329634+00:00","Properties":[{"Key":{"Id":"NUnit.Seed","Label":"Seed","Category":"","Description":"","Attributes":0,"ValueType":"System.String"},"Value":"1912900231"}]},{"TestCase":{"Id":"66d40d66-c51d-c1a8-7a22-1cfc275fea30","FullyQualifiedName":"Collection.UnitTests.CollectionTests.Test_Collection_GetByInvalidIndex(\"Peter\",1)","DisplayName":"Test_Collection_GetByInvalidIndex(\"Peter\",1)","ExecutorUri":"executor://NUnit3TestExecutor","Source":"C:\\Users\\Elitsa\\source\\repos\\QA_Automation_Back-End\\NUnit-Collection-Sample\\Collection.UnitTests\\bin\\Debug\\net6.0\\fine-code-coverage\\build-output\\Collection.UnitTests.dll","CodeFilePath":null,"LineNumber":0,"Properties":[{"Key":{"Id":"NUnit.Seed","Label":"Seed","Category":"","Description":"","Attributes":0,"ValueType":"System.String"},"Value":"559289422"}]},"Attachments":[],"Outcome":1,"ErrorMessage":null,"ErrorStackTrace":null,"DisplayName":"Test_Collection_GetByInvalidIndex(\"Peter\",1)","Messages":[],"ComputerName":"DESKTOP-26RGN49","Duration":"00:00:00.0010090","StartTime":"2023-02-04T13:23:21.2330171+00:00","EndTime":"2023-02-04T13:23:21.2340259+00:00","Properties":[{"Key":{"Id":"NUnit.Seed","Label":"Seed","Category":"","Description":"","Attributes":0,"ValueType":"System.String"},"Value":"559289422"}]},{"TestCase":{"Id":"82583e81-8933-252b-ddec-91f780455c7c","FullyQualifiedName":"Collection.UnitTests.CollectionTests.Test_Collection_GetByInvalidIndex(\"Peter,Maria,Ivan\",-1)","DisplayName":"Test_Collection_GetByInvalidIndex(\"Peter,Maria,Ivan\",-1)","ExecutorUri":"executor://NUnit3TestExecutor","Source":"C:\\Users\\Elitsa\\source\\repos\\QA_Automation_Back-End\\NUnit-Collection-Sample\\Collection.UnitTests\\bin\\Debug\\net6.0\\fine-code-coverage\\build-output\\Collection.UnitTests.dll","CodeFilePath":null,"LineNumber":0,"Properties":[{"Key":{"Id":"NUnit.Seed","Label":"Seed","Category":"","Description":"","Attributes":0,"ValueType":"System.String"},"Value":"1573299699"}]},"Attachments":[],"Outcome":1,"ErrorMessage":null,"ErrorStackTrace":null,"DisplayName":"Test_Collection_GetByInvalidIndex(\"Peter,Maria,Ivan\",-1)","Messages":[],"ComputerName":"DESKTOP-26RGN49","Duration":"00:00:00.0008670","StartTime":"2023-02-04T13:23:21.2340588+00:00","EndTime":"2023-02-04T13:23:21.2349257+00:00","Properties":[{"Key":{"Id":"NUnit.Seed","Label":"Seed","Category":"","Description":"","Attributes":0,"ValueType":"System.String"},"Value":"1573299699"}]},{"TestCase":{"Id":"2da85641-73a5-c130-93e5-44ab03d23463","FullyQualifiedName":"Collection.UnitTests.CollectionTests.Test_Collection_GetByInvalidIndex(\"Peter,Maria,Ivan\",3)","DisplayName":"Test_Collection_GetByInvalidIndex(\"Peter,Maria,Ivan\",3)","ExecutorUri":"executor://NUnit3TestExecutor","Source":"C:\\Users\\Elitsa\\source\\repos\\QA_Automation_Back-End\\NUnit-Collection-Sample\\Collection.UnitTests\\bin\\Debug\\net6.0\\fine-code-coverage\\build-output\\Collection.UnitTests.dll","CodeFilePath":null,"LineNumber":0,"Properties":[{"Key":{"Id":"NUnit.Seed","Label":"Seed","Category":"","Description":"","Attributes":0,"ValueType":"System.String"},"Value":"1114387064"}]},"Attachments":[],"Outcome":1,"ErrorMessage":null,"ErrorStackTrace":null,"DisplayName":"Test_Collection_GetByInvalidIndex(\"Peter,Maria,Ivan\",3)","Messages":[],"ComputerName":"DESKTOP-26RGN49","Duration":"00:00:00.0007970","StartTime":"2023-02-04T13:23:21.2349501+00:00","EndTime":"2023-02-04T13:23:21.2357472+00:00","Properties":[{"Key":{"Id":"NUnit.Seed","Label":"Seed","Category":"","Description":"","Attributes":0,"ValueType":"System.String"},"Value":"1114387064"}]},{"TestCase":{"Id":"aedc1f09-ec2b-954a-b887-ace1804d77e4","FullyQualifiedName":"Collection.UnitTests.CollectionTests.Test_Collection_GetByInvalidIndex(\"Peter,Maria,Ivan\",150)","DisplayName":"Test_Collection_GetByInvalidIndex(\"Peter,Maria,Ivan\",150)","ExecutorUri":"executor://NUnit3TestExecutor","Source":"C:\\Users\\Elitsa\\source\\repos\\QA_Automation_Back-End\\NUnit-Collection-Sample\\Collection.UnitTests\\bin\\Debug\\net6.0\\fine-code-coverage\\build-output\\Collection.UnitTests.dll","CodeFilePath":null,"LineNumber":0,"Properties":[{"Key":{"Id":"NUnit.Seed","Label":"Seed","Category":"","Description":"","Attributes":0,"ValueType":"System.String"},"Value":"1963262520"}]},"Attachments":[],"Outcome":1,"ErrorMessage":null,"ErrorStackTrace":null,"DisplayName":"Test_Collection_GetByInvalidIndex(\"Peter,Maria,Ivan\",150)","Messages":[],"ComputerName":"DESKTOP-26RGN49","Duration":"00:00:00.0008520","StartTime":"2023-02-04T13:23:21.2357726+00:00","EndTime":"2023-02-04T13:23:21.2366242+00:00","Properties":[{"Key":{"Id":"NUnit.Seed","Label":"Seed","Category":"","Description":"","Attributes":0,"ValueType":"System.String"},"Value":"1963262520"}]}],"TestRunStatistics":{"ExecutedTests":6,"Stats":{"Passed":6}},"ActiveTests":[{"Id":"590e7805-1712-59c0-3759-4833a1dbd5a5","FullyQualifiedName":"Collection.UnitTests.CollectionTests.Test_Collection_GetByValidIndex(\"Peter,Maria,Ivan\",0,\"Peter\")","DisplayName":"Test_Collection_GetByValidIndex(\"Peter,Maria,Ivan\",0,\"Peter\")","ExecutorUri":"executor://NUnit3TestExecutor","Source":"C:\\Users\\Elitsa\\source\\repos\\QA_Automation_Back-End\\NUnit-Collection-Sample\\Collection.UnitTests\\bin\\Debug\\net6.0\\fine-code-coverage\\build-output\\Collection.UnitTests.dll","CodeFilePath":null,"LineNumber":0,"Properties":[{"Key":{"Id":"NUnit.Seed","Label":"Seed","Category":"","Description":"","Attributes":0,"ValueType":"System.String"},"Value":"1090524902"}]}]}}
TpTrace Verbose: 0 : 19400, 11, 2023/02/04, 15:23:21.492, 10511240951577, vstest.console.dll, TestRunRequest:SendTestRunStatsChange: Starting.
TpTrace Verbose: 0 : 19400, 11, 2023/02/04, 15:23:21.492, 10511240953900, vstest.console.dll, InProgress is Test_Collection_GetByValidIndex("Peter,Maria,Ivan",0,"Peter")
TpTrace Verbose: 0 : 19400, 11, 2023/02/04, 15:23:21.493, 10511240957129, vstest.console.dll, MulticastDelegateUtilities.SafeInvoke: TestRun.RunStatsChanged: Invoking callbacks was skipped because there are no subscribers.
TpTrace Information: 0 : 19400, 11, 2023/02/04, 15:23:21.493, 10511240957814, vstest.console.dll, TestRunRequest:SendTestRunStatsChange: Completed.
TpTrace Verbose: 0 : 19400, 11, 2023/02/04, 15:23:21.493, 10511240958520, vstest.console.dll, MulticastDelegateUtilities.SafeInvoke: LengthPrefixCommunicationChannel: MessageReceived: Invoking callback 1/1 for Microsoft.VisualStudio.TestPlatform.CommunicationUtilities.TestRequestSender+<>c__DisplayClass31_0., took 55 ms.
TpTrace Verbose: 0 : 19400, 11, 2023/02/04, 15:23:21.493, 10511240959156, vstest.console.dll, TcpClientExtensions.MessageLoopAsync: Polling on remoteEndPoint: 127.0.0.1:61708 localEndPoint: 127.0.0.1:61707
TpTrace Verbose: 0 : 19400, 11, 2023/02/04, 15:23:21.493, 10511240959992, vstest.console.dll, TcpClientExtensions.MessageLoopAsync: NotifyDataAvailable remoteEndPoint: 127.0.0.1:61708 localEndPoint: 127.0.0.1:61707
TpTrace Verbose: 0 : 19400, 11, 2023/02/04, 15:23:21.493, 10511240961073, vstest.console.dll, TestRequestSender.OnExecutionMessageReceived: Received message: {"Version":7,"MessageType":"TestSession.Message","Payload":{"MessageLevel":0,"Message":"NUnit Adapter 4.2.0.0: Test execution complete"}}
TpTrace Verbose: 0 : 19400, 11, 2023/02/04, 15:23:21.493, 10511240962654, vstest.console.dll, TestRunRequest:SendTestRunMessage: Starting.
TpTrace Verbose: 0 : 19400, 11, 2023/02/04, 15:23:21.493, 10511240963693, vstest.console.dll, MulticastDelegateUtilities.SafeInvoke: TestRun.LogMessages: Invoking callback 1/1 for Microsoft.VisualStudio.TestPlatform.CommandLine.TestRunResultAggregator., took 0 ms.
TpTrace Information: 0 : 19400, 11, 2023/02/04, 15:23:21.493, 10511240964298, vstest.console.dll, TestRunRequest:SendTestRunMessage: Completed.
TpTrace Verbose: 0 : 19400, 11, 2023/02/04, 15:23:21.493, 10511240964882, vstest.console.dll, MulticastDelegateUtilities.SafeInvoke: LengthPrefixCommunicationChannel: MessageReceived: Invoking callback 1/1 for Microsoft.VisualStudio.TestPlatform.CommunicationUtilities.TestRequestSender+<>c__DisplayClass31_0., took 0 ms.
TpTrace Verbose: 0 : 19400, 11, 2023/02/04, 15:23:21.493, 10511240965487, vstest.console.dll, TcpClientExtensions.MessageLoopAsync: Polling on remoteEndPoint: 127.0.0.1:61708 localEndPoint: 127.0.0.1:61707
TpTrace Verbose: 0 : 19400, 11, 2023/02/04, 15:23:21.493, 10511240966360, vstest.console.dll, TcpClientExtensions.MessageLoopAsync: NotifyDataAvailable remoteEndPoint: 127.0.0.1:61708 localEndPoint: 127.0.0.1:61707
TpTrace Verbose: 0 : 19400, 11, 2023/02/04, 15:23:21.494, 10511240967967, vstest.console.dll, TestRequestSender.OnExecutionMessageReceived: Received message: {"Version":7,"MessageType":"TestExecution.Completed","Payload":{"TestRunCompleteArgs":{"TestRunStatistics":{"ExecutedTests":7,"Stats":{"Passed":7}},"IsCanceled":false,"IsAborted":false,"Error":null,"AttachmentSets":[],"InvokedDataCollectors":[],"ElapsedTimeInRunningTests":"00:00:01.4164360","Metrics":{},"DiscoveredExtensions":{"TestDiscoverers":["NUnit.VisualStudio.TestAdapter.NUnit3TestDiscoverer, NUnit3.TestAdapter, Version=4.2.0.0, Culture=neutral, PublicKeyToken=4cb40d35494691ac"],"TestExecutors":["executor://NUnit3TestExecutor"],"TestExecutors2":[],"TestSettingsProviders":[]}},"LastRunTests":{"NewTestResults":[{"TestCase":{"Id":"590e7805-1712-59c0-3759-4833a1dbd5a5","FullyQualifiedName":"Collection.UnitTests.CollectionTests.Test_Collection_GetByValidIndex(\"Peter,Maria,Ivan\",0,\"Peter\")","DisplayName":"Test_Collection_GetByValidIndex(\"Peter,Maria,Ivan\",0,\"Peter\")","ExecutorUri":"executor://NUnit3TestExecutor","Source":"C:\\Users\\Elitsa\\source\\repos\\QA_Automation_Back-End\\NUnit-Collection-Sample\\Collection.UnitTests\\bin\\Debug\\net6.0\\fine-code-coverage\\build-output\\Collection.UnitTests.dll","CodeFilePath":null,"LineNumber":0,"Properties":[{"Key":{"Id":"NUnit.Seed","Label":"Seed","Category":"","Description":"","Attributes":0,"ValueType":"System.String"},"Value":"1090524902"}]},"Attachments":[],"Outcome":1,"ErrorMessage":null,"ErrorStackTrace":null,"DisplayName":"Test_Collection_GetByValidIndex(\"Peter,Maria,Ivan\",0,\"Peter\")","Messages":[],"ComputerName":"DESKTOP-26RGN49","Duration":"00:00:00.0102900","StartTime":"2023-02-04T13:23:21.2393619+00:00","EndTime":"2023-02-04T13:23:21.2496516+00:00","Properties":[{"Key":{"Id":"NUnit.Seed","Label":"Seed","Category":"","Description":"","Attributes":0,"ValueType":"System.String"},"Value":"1090524902"}]}],"TestRunStatistics":{"ExecutedTests":7,"Stats":{"Passed":7}},"ActiveTests":[]},"RunAttachments":[],"ExecutorUris":["executor://nunit3testexecutor/"]}}
TpTrace Verbose: 0 : 19400, 11, 2023/02/04, 15:23:21.494, 10511240969298, vstest.console.dll, TestRequestSender.EndSession: Sending end session.
TpTrace Verbose: 0 : 19400, 11, 2023/02/04, 15:23:21.494, 10511240973459, vstest.console.dll, ProxyOperationManager.Close: waiting for test host to exit for 100 ms
TpTrace Verbose: 0 : 19400, 4, 2023/02/04, 15:23:21.500, 10511241030949, vstest.console.dll, MulticastDelegateUtilities.SafeInvoke: InternalTestLoggerEvents.SendTestResult: Invoking callback 1/1 for Microsoft.VisualStudio.TestPlatform.CommandLine.Internal.ConsoleLogger., took 7 ms.
TpTrace Verbose: 0 : 19400, 4, 2023/02/04, 15:23:21.500, 10511241035927, vstest.console.dll, MulticastDelegateUtilities.SafeInvoke: InternalTestLoggerEvents.SendTestResult: Invoking callback 1/1 for Microsoft.VisualStudio.TestPlatform.CommandLine.Internal.ConsoleLogger., took 0 ms.
TpTrace Verbose: 0 : 19400, 4, 2023/02/04, 15:23:21.501, 10511241037349, vstest.console.dll, MulticastDelegateUtilities.SafeInvoke: InternalTestLoggerEvents.SendTestResult: Invoking callback 1/1 for Microsoft.VisualStudio.TestPlatform.CommandLine.Internal.ConsoleLogger., took 0 ms.
TpTrace Verbose: 0 : 19400, 4, 2023/02/04, 15:23:21.501, 10511241038156, vstest.console.dll, MulticastDelegateUtilities.SafeInvoke: InternalTestLoggerEvents.SendTestResult: Invoking callback 1/1 for Microsoft.VisualStudio.TestPlatform.CommandLine.Internal.ConsoleLogger., took 0 ms.
TpTrace Verbose: 0 : 19400, 4, 2023/02/04, 15:23:21.501, 10511241038962, vstest.console.dll, MulticastDelegateUtilities.SafeInvoke: InternalTestLoggerEvents.SendTestResult: Invoking callback 1/1 for Microsoft.VisualStudio.TestPlatform.CommandLine.Internal.ConsoleLogger., took 0 ms.
TpTrace Verbose: 0 : 19400, 4, 2023/02/04, 15:23:21.501, 10511241039828, vstest.console.dll, MulticastDelegateUtilities.SafeInvoke: InternalTestLoggerEvents.SendTestResult: Invoking callback 1/1 for Microsoft.VisualStudio.TestPlatform.CommandLine.Internal.ConsoleLogger., took 0 ms.
TpTrace Verbose: 0 : 19400, 4, 2023/02/04, 15:23:21.501, 10511241040669, vstest.console.dll, MulticastDelegateUtilities.SafeInvoke: InternalTestLoggerEvents.SendTestRunMessage: Invoking callback 1/1 for Microsoft.VisualStudio.TestPlatform.CommandLine.Internal.ConsoleLogger., took 0 ms.
TpTrace Warning: 0 : 19400, 10, 2023/02/04, 15:23:21.516, 10511241188809, vstest.console.dll, TestHostManagerCallbacks.ErrorReceivedCallback Test host standard error line: 
TpTrace Verbose: 0 : 19400, 10, 2023/02/04, 15:23:21.536, 10511241393418, vstest.console.dll, TestHostProvider.ExitCallBack: Host exited starting callback.
TpTrace Information: 0 : 19400, 10, 2023/02/04, 15:23:21.536, 10511241396266, vstest.console.dll, TestHostManagerCallbacks.ExitCallBack: Testhost processId: 17688 exited with exitcode: 0 error: ''
TpTrace Verbose: 0 : 19400, 10, 2023/02/04, 15:23:21.537, 10511241397097, vstest.console.dll, DotnetTestHostManager.OnHostExited: invoking OnHostExited callback
TpTrace Verbose: 0 : 19400, 10, 2023/02/04, 15:23:21.537, 10511241398009, vstest.console.dll, CrossPlatEngine.TestHostManagerHostExited: calling on client process exit callback.
TpTrace Information: 0 : 19400, 10, 2023/02/04, 15:23:21.537, 10511241398947, vstest.console.dll, TestRequestSender.OnClientProcessExit: Test host process exited. Standard error: 
TpTrace Information: 0 : 19400, 10, 2023/02/04, 15:23:21.537, 10511241399674, vstest.console.dll, SocketServer.Stop: Stop server endPoint: 127.0.0.1:61707
TpTrace Information: 0 : 19400, 10, 2023/02/04, 15:23:21.537, 10511241400219, vstest.console.dll, SocketServer.Stop: Cancellation requested. Stopping message loop.
TpTrace Information: 0 : 19400, 11, 2023/02/04, 15:23:21.537, 10511241400585, vstest.console.dll, SocketServer.Stop: Stop server endPoint: 127.0.0.1:61707
TpTrace Information: 0 : 19400, 11, 2023/02/04, 15:23:21.537, 10511241401603, vstest.console.dll, SocketServer.Stop: Cancellation requested. Stopping message loop.
TpTrace Verbose: 0 : 19400, 10, 2023/02/04, 15:23:21.537, 10511241401955, vstest.console.dll, MulticastDelegateUtilities.SafeInvoke: HostProviderEvents.OnHostExited: Invoking callback 1/1 for Microsoft.VisualStudio.TestPlatform.CrossPlatEngine.Client.ProxyOperationManager., took 0 ms.
TpTrace Information: 0 : 19400, 11, 2023/02/04, 15:23:21.537, 10511241402867, vstest.console.dll, Closing the connection
TpTrace Verbose: 0 : 19400, 11, 2023/02/04, 15:23:21.538, 10511241407787, vstest.console.dll, ProxyDataCollectionManager.InvokeDataCollectionServiceAction: Starting.
TpTrace Information: 0 : 19400, 11, 2023/02/04, 15:23:21.538, 10511241408841, vstest.console.dll, ProxyDataCollectionManager.AfterTestRunEnd: Get attachment set and invoked data collectors processId: 2624 port: 61704
TpTrace Verbose: 0 : 19400, 11, 2023/02/04, 15:23:21.538, 10511241410000, vstest.console.dll, DataCollectionRequestSender.SendAfterTestRunStartAndGetResult: Send AfterTestRunEnd message with isCancelled: False
TpTrace Verbose: 0 : 19400, 11, 2023/02/04, 15:23:21.554, 10511241569371, vstest.console.dll, DataCollectionRequestSender.SendAfterTestRunStartAndGetResult: Received message: (DataCollection.AfterTestRunEndResult) -> {"MessageType":"DataCollection.AfterTestRunEndResult","Payload":{"AttachmentSets":[],"InvokedDataCollectors":[{"Uri":"datacollector://Microsoft/TestPlatform/Extensions/Blame/v1","FriendlyName":"Blame","AssemblyQualifiedName":"Microsoft.TestPlatform.Extensions.BlameDataCollector.BlameCollector, Microsoft.TestPlatform.Extensions.BlameDataCollector, Version=15.0.0.0, Culture=neutral, PublicKeyToken=b03f5f7f11d50a3a","FilePath":"C:\\Program Files\\dotnet\\sdk\\7.0.102\\Extensions\\Microsoft.TestPlatform.Extensions.BlameDataCollector.dll","HasAttachmentProcessor":false}],"Metrics":{}}}
TpTrace Warning: 0 : 19400, 7, 2023/02/04, 15:23:21.563, 10511241662627, vstest.console.dll, DataCollectionLauncher.ErrorReceivedCallback datacollector standard error line: 
TpTrace Information: 0 : 19400, 11, 2023/02/04, 15:23:21.565, 10511241679074, vstest.console.dll, ProxyDataCollectionManager.InvokeDataCollectionServiceAction: Completed.
TpTrace Information: 0 : 19400, 7, 2023/02/04, 15:23:21.585, 10511241877682, vstest.console.dll, DataCollectionLauncher.ExitCallBack: Data collector exited with exitcode: 0 error: ''
TpTrace Verbose: 0 : 19400, 11, 2023/02/04, 15:23:21.678, 10511242813844, vstest.console.dll, TestRunRequest:SendTestRunStatsChange: Starting.
TpTrace Verbose: 0 : 19400, 11, 2023/02/04, 15:23:21.678, 10511242816092, vstest.console.dll, MulticastDelegateUtilities.SafeInvoke: TestRun.RunStatsChanged: Invoking callbacks was skipped because there are no subscribers.
TpTrace Information: 0 : 19400, 11, 2023/02/04, 15:23:21.679, 10511242817697, vstest.console.dll, TestRunRequest:SendTestRunStatsChange: Completed.
TpTrace Verbose: 0 : 19400, 4, 2023/02/04, 15:23:21.679, 10511242818160, vstest.console.dll, MulticastDelegateUtilities.SafeInvoke: InternalTestLoggerEvents.SendTestResult: Invoking callback 1/1 for Microsoft.VisualStudio.TestPlatform.CommandLine.Internal.ConsoleLogger., took 0 ms.
TpTrace Verbose: 0 : 19400, 11, 2023/02/04, 15:23:21.680, 10511242828916, vstest.console.dll, ParallelProxyExecutionManager: HandlePartialRunComplete: Total completed clients = 1, Run complete = True, Run canceled: False.
TpTrace Verbose: 0 : 19400, 4, 2023/02/04, 15:23:21.701, 10511243043315, vstest.console.dll, MulticastDelegateUtilities.SafeInvoke: InternalTestLoggerEvents.SendTestRunComplete: Invoking callback 1/2 for Microsoft.TestPlatform.Extensions.BlameDataCollector.BlameLogger., took 0 ms.
TpTrace Verbose: 0 : 19400, 4, 2023/02/04, 15:23:21.715, 10511243176609, vstest.console.dll, MulticastDelegateUtilities.SafeInvoke: InternalTestLoggerEvents.SendTestRunComplete: Invoking callback 2/2 for Microsoft.VisualStudio.TestPlatform.CommandLine.Internal.ConsoleLogger., took 13 ms.
TpTrace Verbose: 0 : 19400, 11, 2023/02/04, 15:23:21.715, 10511243180965, vstest.console.dll, TestRunRequest:TestRunComplete: Starting. IsAborted:False IsCanceled:False.
TpTrace Verbose: 0 : 19400, 11, 2023/02/04, 15:23:21.717, 10511243203915, vstest.console.dll, TestLoggerManager.HandleTestRunComplete: Ignoring as the object is disposed.
TpTrace Verbose: 0 : 19400, 11, 2023/02/04, 15:23:21.718, 10511243208644, vstest.console.dll, MulticastDelegateUtilities.SafeInvoke: TestRun.TestRunComplete: Invoking callback 1/2 for Microsoft.VisualStudio.TestPlatform.CommandLine.TestRunResultAggregator., took 0 ms.
TpTrace Verbose: 0 : 19400, 11, 2023/02/04, 15:23:21.718, 10511243211148, vstest.console.dll, MulticastDelegateUtilities.SafeInvoke: TestRun.TestRunComplete: Invoking callback 2/2 for Microsoft.VisualStudio.TestPlatform.CommandLine.Processors.RunTestsArgumentExecutor+TestRunRequestEventsRegistrar., took 0 ms.
TpTrace Information: 0 : 19400, 11, 2023/02/04, 15:23:21.718, 10511243212833, vstest.console.dll, TestRunRequest:TestRunComplete: Completed.
TpTrace Verbose: 0 : 19400, 11, 2023/02/04, 15:23:21.718, 10511243213652, vstest.console.dll, TestRequestSender.SetOperationComplete: Setting operation complete.
TpTrace Verbose: 0 : 19400, 1, 2023/02/04, 15:23:21.718, 10511243213871, vstest.console.dll, TestRunRequest.Dispose: Starting.
TpTrace Information: 0 : 19400, 11, 2023/02/04, 15:23:21.718, 10511243214221, vstest.console.dll, SocketServer.Stop: Stop server endPoint: 127.0.0.1:61707
TpTrace Information: 0 : 19400, 1, 2023/02/04, 15:23:21.718, 10511243215490, vstest.console.dll, TestRunRequest.Dispose: Completed.
TpTrace Information: 0 : 19400, 11, 2023/02/04, 15:23:21.718, 10511243215930, vstest.console.dll, SocketServer.Stop: Cancellation requested. Stopping message loop.
TpTrace Information: 0 : 19400, 1, 2023/02/04, 15:23:21.719, 10511243217116, vstest.console.dll, TestRequestManager.RunTests: run tests completed.
TpTrace Verbose: 0 : 19400, 11, 2023/02/04, 15:23:21.719, 10511243217931, vstest.console.dll, MulticastDelegateUtilities.SafeInvoke: LengthPrefixCommunicationChannel: MessageReceived: Invoking callback 1/1 for Microsoft.VisualStudio.TestPlatform.CommunicationUtilities.TestRequestSender+<>c__DisplayClass31_0., took 225 ms.
TpTrace Information: 0 : 19400, 11, 2023/02/04, 15:23:21.719, 10511243219981, vstest.console.dll, SocketServer.PrivateStop: Stopping server endPoint: 127.0.0.1:61707 error: 
TpTrace Information: 0 : 19400, 1, 2023/02/04, 15:23:21.719, 10511243220442, vstest.console.dll, RunTestsArgumentProcessor:Execute: Test run is completed.
TpTrace Verbose: 0 : 19400, 1, 2023/02/04, 15:23:21.719, 10511243224285, vstest.console.dll, Executor.Execute: Exiting with exit code of 0
TpTrace Verbose: 0 : 19400, 11, 2023/02/04, 15:23:21.720, 10511243228790, vstest.console.dll, LengthPrefixCommunicationChannel.Dispose: Dispose reader and writer.
TpTrace Information: 0 : 19400, 11, 2023/02/04, 15:23:21.720, 10511243230090, vstest.console.dll, SocketServer.Stop: Raise disconnected event endPoint: 127.0.0.1:61707 error: 
TpTrace Verbose: 0 : 19400, 11, 2023/02/04, 15:23:21.720, 10511243231748, vstest.console.dll, TestRequestSender: OnTestRunAbort: Operation is already complete. Skip error message.
